2017/03/04 16:47:20 [error] [exception.CException] exception 'CException' with message 'CsController cannot find the requested view "index".' in C:\phpStudy\WWW\job\framework\web\CController.php:878
Stack trace:
#0 C:\phpStudy\WWW\job\framework\web\CController.php(782): CController->renderPartial('index', NULL, true)
#1 C:\phpStudy\WWW\job\main\protected\modules\admin\controllers\CsController.php(7): CController->render('index')
#2 C:\phpStudy\WWW\job\framework\web\actions\CInlineAction.php(49): CsController->actionIndex()
#3 C:\phpStudy\WWW\job\framework\web\CController.php(308): CInlineAction->runWithParams(Array)
#4 C:\phpStudy\WWW\job\framework\web\CController.php(286): CController->runAction(Object(CInlineAction))
#5 C:\phpStudy\WWW\job\framework\web\CController.php(265): CController->runActionWithFilters(Object(CInlineAction), Array)
#6 C:\phpStudy\WWW\job\framework\web\CWebApplication.php(282): CController->run('index')
#7 C:\phpStudy\WWW\job\framework\web\CWebApplication.php(141): CWebApplication->runController('admin/cs/index')
#8 C:\phpStudy\WWW\job\framework\base\CApplication.php(185): CWebApplication->processRequest()
#9 C:\phpStudy\WWW\job\main\index.php(13): CApplication->run()
#10 {main}
REQUEST_URI=/job/main/index.php?r=admin/cs/index
---
2017/03/04 16:47:22 [error] [exception.CException] exception 'CException' with message 'CsController cannot find the requested view "index".' in C:\phpStudy\WWW\job\framework\web\CController.php:878
Stack trace:
#0 C:\phpStudy\WWW\job\framework\web\CController.php(782): CController->renderPartial('index', NULL, true)
#1 C:\phpStudy\WWW\job\main\protected\modules\admin\controllers\CsController.php(7): CController->render('index')
#2 C:\phpStudy\WWW\job\framework\web\actions\CInlineAction.php(49): CsController->actionIndex()
#3 C:\phpStudy\WWW\job\framework\web\CController.php(308): CInlineAction->runWithParams(Array)
#4 C:\phpStudy\WWW\job\framework\web\CController.php(286): CController->runAction(Object(CInlineAction))
#5 C:\phpStudy\WWW\job\framework\web\CController.php(265): CController->runActionWithFilters(Object(CInlineAction), Array)
#6 C:\phpStudy\WWW\job\framework\web\CWebApplication.php(282): CController->run('index')
#7 C:\phpStudy\WWW\job\framework\web\CWebApplication.php(141): CWebApplication->runController('admin/cs/index')
#8 C:\phpStudy\WWW\job\framework\base\CApplication.php(185): CWebApplication->processRequest()
#9 C:\phpStudy\WWW\job\main\index.php(13): CApplication->run()
#10 {main}
REQUEST_URI=/job/main/index.php?r=admin/cs/index
---
2017/03/04 16:48:42 [error] [exception.CHttpException.404] exception 'CHttpException' with message 'Unable to resolve the request "admin/index/index".' in C:\phpStudy\WWW\job\framework\web\CWebApplication.php:286
Stack trace:
#0 C:\phpStudy\WWW\job\framework\web\CWebApplication.php(141): CWebApplication->runController('admin/index/ind...')
#1 C:\phpStudy\WWW\job\framework\base\CApplication.php(185): CWebApplication->processRequest()
#2 C:\phpStudy\WWW\job\main\index.php(13): CApplication->run()
#3 {main}
REQUEST_URI=/job/main/index.php?r=admin/index/index
---
2017/03/04 16:48:45 [error] [exception.CHttpException.404] exception 'CHttpException' with message 'Unable to resolve the request "admin/index/index".' in C:\phpStudy\WWW\job\framework\web\CWebApplication.php:286
Stack trace:
#0 C:\phpStudy\WWW\job\framework\web\CWebApplication.php(141): CWebApplication->runController('admin/index/ind...')
#1 C:\phpStudy\WWW\job\framework\base\CApplication.php(185): CWebApplication->processRequest()
#2 C:\phpStudy\WWW\job\main\index.php(13): CApplication->run()
#3 {main}
REQUEST_URI=/job/main/index.php?r=admin/index/index
---
2017/03/04 16:48:45 [error] [exception.CHttpException.404] exception 'CHttpException' with message 'Unable to resolve the request "admin/index/index".' in C:\phpStudy\WWW\job\framework\web\CWebApplication.php:286
Stack trace:
#0 C:\phpStudy\WWW\job\framework\web\CWebApplication.php(141): CWebApplication->runController('admin/index/ind...')
#1 C:\phpStudy\WWW\job\framework\base\CApplication.php(185): CWebApplication->processRequest()
#2 C:\phpStudy\WWW\job\main\index.php(13): CApplication->run()
#3 {main}
REQUEST_URI=/job/main/index.php?r=admin/index/index
---
2017/03/04 16:48:45 [error] [exception.CHttpException.404] exception 'CHttpException' with message 'Unable to resolve the request "admin/index/index".' in C:\phpStudy\WWW\job\framework\web\CWebApplication.php:286
Stack trace:
#0 C:\phpStudy\WWW\job\framework\web\CWebApplication.php(141): CWebApplication->runController('admin/index/ind...')
#1 C:\phpStudy\WWW\job\framework\base\CApplication.php(185): CWebApplication->processRequest()
#2 C:\phpStudy\WWW\job\main\index.php(13): CApplication->run()
#3 {main}
REQUEST_URI=/job/main/index.php?r=admin/index/index
---
2017/03/04 16:49:01 [error] [exception.CHttpException.404] exception 'CHttpException' with message 'Unable to resolve the request "admin/index/index".' in C:\phpStudy\WWW\job\framework\web\CWebApplication.php:286
Stack trace:
#0 C:\phpStudy\WWW\job\framework\web\CWebApplication.php(141): CWebApplication->runController('admin/index/ind...')
#1 C:\phpStudy\WWW\job\framework\base\CApplication.php(185): CWebApplication->processRequest()
#2 C:\phpStudy\WWW\job\main\index.php(13): CApplication->run()
#3 {main}
REQUEST_URI=/job/main/index.php?r=admin/index/index
---
2017/03/04 16:49:02 [error] [exception.CHttpException.404] exception 'CHttpException' with message 'Unable to resolve the request "admin/index/index".' in C:\phpStudy\WWW\job\framework\web\CWebApplication.php:286
Stack trace:
#0 C:\phpStudy\WWW\job\framework\web\CWebApplication.php(141): CWebApplication->runController('admin/index/ind...')
#1 C:\phpStudy\WWW\job\framework\base\CApplication.php(185): CWebApplication->processRequest()
#2 C:\phpStudy\WWW\job\main\index.php(13): CApplication->run()
#3 {main}
REQUEST_URI=/job/main/index.php?r=admin/index/index
---
2017/03/04 16:49:02 [error] [exception.CHttpException.404] exception 'CHttpException' with message 'Unable to resolve the request "admin/index/index".' in C:\phpStudy\WWW\job\framework\web\CWebApplication.php:286
Stack trace:
#0 C:\phpStudy\WWW\job\framework\web\CWebApplication.php(141): CWebApplication->runController('admin/index/ind...')
#1 C:\phpStudy\WWW\job\framework\base\CApplication.php(185): CWebApplication->processRequest()
#2 C:\phpStudy\WWW\job\main\index.php(13): CApplication->run()
#3 {main}
REQUEST_URI=/job/main/index.php?r=admin/index/index
---
2017/03/04 16:49:02 [error] [exception.CHttpException.404] exception 'CHttpException' with message 'Unable to resolve the request "admin/index/index".' in C:\phpStudy\WWW\job\framework\web\CWebApplication.php:286
Stack trace:
#0 C:\phpStudy\WWW\job\framework\web\CWebApplication.php(141): CWebApplication->runController('admin/index/ind...')
#1 C:\phpStudy\WWW\job\framework\base\CApplication.php(185): CWebApplication->processRequest()
#2 C:\phpStudy\WWW\job\main\index.php(13): CApplication->run()
#3 {main}
REQUEST_URI=/job/main/index.php?r=admin/index/index
---
2017/03/04 16:49:24 [error] [exception.CHttpException.404] exception 'CHttpException' with message 'Unable to resolve the request "admin/index/index".' in C:\phpStudy\WWW\job\framework\web\CWebApplication.php:286
Stack trace:
#0 C:\phpStudy\WWW\job\framework\web\CWebApplication.php(141): CWebApplication->runController('admin/index/ind...')
#1 C:\phpStudy\WWW\job\framework\base\CApplication.php(185): CWebApplication->processRequest()
#2 C:\phpStudy\WWW\job\main\index.php(13): CApplication->run()
#3 {main}
REQUEST_URI=/job/main/index.php?r=admin/index/index
---
2017/03/04 16:49:24 [error] [exception.CHttpException.404] exception 'CHttpException' with message 'Unable to resolve the request "admin/index/index".' in C:\phpStudy\WWW\job\framework\web\CWebApplication.php:286
Stack trace:
#0 C:\phpStudy\WWW\job\framework\web\CWebApplication.php(141): CWebApplication->runController('admin/index/ind...')
#1 C:\phpStudy\WWW\job\framework\base\CApplication.php(185): CWebApplication->processRequest()
#2 C:\phpStudy\WWW\job\main\index.php(13): CApplication->run()
#3 {main}
REQUEST_URI=/job/main/index.php?r=admin/index/index
---
2017/03/04 16:49:24 [error] [exception.CHttpException.404] exception 'CHttpException' with message 'Unable to resolve the request "admin/index/index".' in C:\phpStudy\WWW\job\framework\web\CWebApplication.php:286
Stack trace:
#0 C:\phpStudy\WWW\job\framework\web\CWebApplication.php(141): CWebApplication->runController('admin/index/ind...')
#1 C:\phpStudy\WWW\job\framework\base\CApplication.php(185): CWebApplication->processRequest()
#2 C:\phpStudy\WWW\job\main\index.php(13): CApplication->run()
#3 {main}
REQUEST_URI=/job/main/index.php?r=admin/index/index
---
2017/03/04 16:49:45 [error] [exception.CHttpException.404] exception 'CHttpException' with message 'Unable to resolve the request "admin/index/index".' in C:\phpStudy\WWW\job\framework\web\CWebApplication.php:286
Stack trace:
#0 C:\phpStudy\WWW\job\framework\web\CWebApplication.php(141): CWebApplication->runController('admin/index/ind...')
#1 C:\phpStudy\WWW\job\framework\base\CApplication.php(185): CWebApplication->processRequest()
#2 C:\phpStudy\WWW\job\main\index.php(13): CApplication->run()
#3 {main}
REQUEST_URI=/job/main/index.php?r=admin/index/index
---
2017/03/04 16:49:46 [error] [exception.CHttpException.404] exception 'CHttpException' with message 'Unable to resolve the request "admin/index/index".' in C:\phpStudy\WWW\job\framework\web\CWebApplication.php:286
Stack trace:
#0 C:\phpStudy\WWW\job\framework\web\CWebApplication.php(141): CWebApplication->runController('admin/index/ind...')
#1 C:\phpStudy\WWW\job\framework\base\CApplication.php(185): CWebApplication->processRequest()
#2 C:\phpStudy\WWW\job\main\index.php(13): CApplication->run()
#3 {main}
REQUEST_URI=/job/main/index.php?r=admin/index/index
---
2017/03/04 16:49:46 [error] [exception.CHttpException.404] exception 'CHttpException' with message 'Unable to resolve the request "admin/index/index".' in C:\phpStudy\WWW\job\framework\web\CWebApplication.php:286
Stack trace:
#0 C:\phpStudy\WWW\job\framework\web\CWebApplication.php(141): CWebApplication->runController('admin/index/ind...')
#1 C:\phpStudy\WWW\job\framework\base\CApplication.php(185): CWebApplication->processRequest()
#2 C:\phpStudy\WWW\job\main\index.php(13): CApplication->run()
#3 {main}
REQUEST_URI=/job/main/index.php?r=admin/index/index
---
2017/03/04 16:49:46 [error] [exception.CHttpException.404] exception 'CHttpException' with message 'Unable to resolve the request "admin/index/index".' in C:\phpStudy\WWW\job\framework\web\CWebApplication.php:286
Stack trace:
#0 C:\phpStudy\WWW\job\framework\web\CWebApplication.php(141): CWebApplication->runController('admin/index/ind...')
#1 C:\phpStudy\WWW\job\framework\base\CApplication.php(185): CWebApplication->processRequest()
#2 C:\phpStudy\WWW\job\main\index.php(13): CApplication->run()
#3 {main}
REQUEST_URI=/job/main/index.php?r=admin/index/index
---
2017/03/04 16:50:41 [error] [exception.CHttpException.404] exception 'CHttpException' with message 'Unable to resolve the request "admin/index/index".' in C:\phpStudy\WWW\job\framework\web\CWebApplication.php:286
Stack trace:
#0 C:\phpStudy\WWW\job\framework\web\CWebApplication.php(141): CWebApplication->runController('admin/index/ind...')
#1 C:\phpStudy\WWW\job\framework\base\CApplication.php(185): CWebApplication->processRequest()
#2 C:\phpStudy\WWW\job\main\index.php(13): CApplication->run()
#3 {main}
REQUEST_URI=/job/main/index.php?r=admin/index/index
---
2017/03/04 16:50:41 [error] [exception.CHttpException.404] exception 'CHttpException' with message 'Unable to resolve the request "admin/index/index".' in C:\phpStudy\WWW\job\framework\web\CWebApplication.php:286
Stack trace:
#0 C:\phpStudy\WWW\job\framework\web\CWebApplication.php(141): CWebApplication->runController('admin/index/ind...')
#1 C:\phpStudy\WWW\job\framework\base\CApplication.php(185): CWebApplication->processRequest()
#2 C:\phpStudy\WWW\job\main\index.php(13): CApplication->run()
#3 {main}
REQUEST_URI=/job/main/index.php?r=admin/index/index
---
2017/03/04 16:50:41 [error] [exception.CHttpException.404] exception 'CHttpException' with message 'Unable to resolve the request "admin/index/index".' in C:\phpStudy\WWW\job\framework\web\CWebApplication.php:286
Stack trace:
#0 C:\phpStudy\WWW\job\framework\web\CWebApplication.php(141): CWebApplication->runController('admin/index/ind...')
#1 C:\phpStudy\WWW\job\framework\base\CApplication.php(185): CWebApplication->processRequest()
#2 C:\phpStudy\WWW\job\main\index.php(13): CApplication->run()
#3 {main}
REQUEST_URI=/job/main/index.php?r=admin/index/index
---
2017/03/04 16:50:41 [error] [exception.CHttpException.404] exception 'CHttpException' with message 'Unable to resolve the request "admin/index/index".' in C:\phpStudy\WWW\job\framework\web\CWebApplication.php:286
Stack trace:
#0 C:\phpStudy\WWW\job\framework\web\CWebApplication.php(141): CWebApplication->runController('admin/index/ind...')
#1 C:\phpStudy\WWW\job\framework\base\CApplication.php(185): CWebApplication->processRequest()
#2 C:\phpStudy\WWW\job\main\index.php(13): CApplication->run()
#3 {main}
REQUEST_URI=/job/main/index.php?r=admin/index/index
---
2017/03/04 19:42:52 [error] [exception.CHttpException.404] exception 'CHttpException' with message 'Unable to resolve the request "admin".' in C:\phpStudy\WWW\job\framework\web\CWebApplication.php:286
Stack trace:
#0 C:\phpStudy\WWW\job\framework\web\CWebApplication.php(141): CWebApplication->runController('admin')
#1 C:\phpStudy\WWW\job\framework\base\CApplication.php(185): CWebApplication->processRequest()
#2 C:\phpStudy\WWW\job\main\index.php(13): CApplication->run()
#3 {main}
REQUEST_URI=/job/main/index.php?r=admin
---
2017/03/04 19:42:53 [error] [exception.CHttpException.404] exception 'CHttpException' with message 'Unable to resolve the request "admin".' in C:\phpStudy\WWW\job\framework\web\CWebApplication.php:286
Stack trace:
#0 C:\phpStudy\WWW\job\framework\web\CWebApplication.php(141): CWebApplication->runController('admin')
#1 C:\phpStudy\WWW\job\framework\base\CApplication.php(185): CWebApplication->processRequest()
#2 C:\phpStudy\WWW\job\main\index.php(13): CApplication->run()
#3 {main}
REQUEST_URI=/job/main/index.php?r=admin
---
2017/03/04 19:42:53 [error] [exception.CHttpException.404] exception 'CHttpException' with message 'Unable to resolve the request "admin".' in C:\phpStudy\WWW\job\framework\web\CWebApplication.php:286
Stack trace:
#0 C:\phpStudy\WWW\job\framework\web\CWebApplication.php(141): CWebApplication->runController('admin')
#1 C:\phpStudy\WWW\job\framework\base\CApplication.php(185): CWebApplication->processRequest()
#2 C:\phpStudy\WWW\job\main\index.php(13): CApplication->run()
#3 {main}
REQUEST_URI=/job/main/index.php?r=admin
---
2017/03/04 19:42:54 [error] [exception.CHttpException.404] exception 'CHttpException' with message 'Unable to resolve the request "admin".' in C:\phpStudy\WWW\job\framework\web\CWebApplication.php:286
Stack trace:
#0 C:\phpStudy\WWW\job\framework\web\CWebApplication.php(141): CWebApplication->runController('admin')
#1 C:\phpStudy\WWW\job\framework\base\CApplication.php(185): CWebApplication->processRequest()
#2 C:\phpStudy\WWW\job\main\index.php(13): CApplication->run()
#3 {main}
REQUEST_URI=/job/main/index.php?r=admin
---
2017/03/04 19:42:56 [error] [exception.CHttpException.404] exception 'CHttpException' with message 'Unable to resolve the request "admin".' in C:\phpStudy\WWW\job\framework\web\CWebApplication.php:286
Stack trace:
#0 C:\phpStudy\WWW\job\framework\web\CWebApplication.php(141): CWebApplication->runController('admin')
#1 C:\phpStudy\WWW\job\framework\base\CApplication.php(185): CWebApplication->processRequest()
#2 C:\phpStudy\WWW\job\main\index.php(13): CApplication->run()
#3 {main}
REQUEST_URI=/job/main/index.php?r=admin
---
2017/03/04 21:32:30 [error] [php] include(model.php): failed to open stream: No such file or directory (C:\phpStudy\WWW\job\framework\YiiBase.php:432)
Stack trace:
#0 C:\phpStudy\WWW\job\main\protected\controllers\SiteController.php(33): spl_autoload_call()
#1 C:\phpStudy\WWW\job\framework\web\actions\CInlineAction.php(49): SiteController->actionIndex()
#2 C:\phpStudy\WWW\job\framework\web\CController.php(308): CInlineAction->runWithParams()
#3 C:\phpStudy\WWW\job\framework\web\CController.php(286): SiteController->runAction()
#4 C:\phpStudy\WWW\job\framework\web\CController.php(265): SiteController->runActionWithFilters()
#5 C:\phpStudy\WWW\job\framework\web\CWebApplication.php(282): SiteController->run()
#6 C:\phpStudy\WWW\job\framework\web\CWebApplication.php(141): CWebApplication->runController()
#7 C:\phpStudy\WWW\job\framework\base\CApplication.php(185): CWebApplication->processRequest()
#8 C:\phpStudy\WWW\job\main\index.php(13): CWebApplication->run()
REQUEST_URI=/job/main/index.php
in C:\phpStudy\WWW\job\main\protected\controllers\SiteController.php (33)
in C:\phpStudy\WWW\job\main\index.php (13)
2017/03/04 21:33:14 [error] [php] include(User.php): failed to open stream: No such file or directory (C:\phpStudy\WWW\job\framework\YiiBase.php:432)
Stack trace:
#0 C:\phpStudy\WWW\job\main\protected\controllers\SiteController.php(33): spl_autoload_call()
#1 C:\phpStudy\WWW\job\framework\web\actions\CInlineAction.php(49): SiteController->actionIndex()
#2 C:\phpStudy\WWW\job\framework\web\CController.php(308): CInlineAction->runWithParams()
#3 C:\phpStudy\WWW\job\framework\web\CController.php(286): SiteController->runAction()
#4 C:\phpStudy\WWW\job\framework\web\CController.php(265): SiteController->runActionWithFilters()
#5 C:\phpStudy\WWW\job\framework\web\CWebApplication.php(282): SiteController->run()
#6 C:\phpStudy\WWW\job\framework\web\CWebApplication.php(141): CWebApplication->runController()
#7 C:\phpStudy\WWW\job\framework\base\CApplication.php(185): CWebApplication->processRequest()
#8 C:\phpStudy\WWW\job\main\index.php(13): CWebApplication->run()
REQUEST_URI=/job/main/index.php
in C:\phpStudy\WWW\job\main\protected\controllers\SiteController.php (33)
in C:\phpStudy\WWW\job\main\index.php (13)
2017/03/04 21:33:14 [error] [php] include(User.php): failed to open stream: No such file or directory (C:\phpStudy\WWW\job\framework\YiiBase.php:432)
Stack trace:
#0 C:\phpStudy\WWW\job\main\protected\controllers\SiteController.php(33): spl_autoload_call()
#1 C:\phpStudy\WWW\job\framework\web\actions\CInlineAction.php(49): SiteController->actionIndex()
#2 C:\phpStudy\WWW\job\framework\web\CController.php(308): CInlineAction->runWithParams()
#3 C:\phpStudy\WWW\job\framework\web\CController.php(286): SiteController->runAction()
#4 C:\phpStudy\WWW\job\framework\web\CController.php(265): SiteController->runActionWithFilters()
#5 C:\phpStudy\WWW\job\framework\web\CWebApplication.php(282): SiteController->run()
#6 C:\phpStudy\WWW\job\framework\web\CWebApplication.php(141): CWebApplication->runController()
#7 C:\phpStudy\WWW\job\framework\base\CApplication.php(185): CWebApplication->processRequest()
#8 C:\phpStudy\WWW\job\main\index.php(13): CWebApplication->run()
REQUEST_URI=/job/main/index.php
in C:\phpStudy\WWW\job\main\protected\controllers\SiteController.php (33)
in C:\phpStudy\WWW\job\main\index.php (13)
2017/03/04 21:33:14 [error] [php] include(User.php): failed to open stream: No such file or directory (C:\phpStudy\WWW\job\framework\YiiBase.php:432)
Stack trace:
#0 C:\phpStudy\WWW\job\main\protected\controllers\SiteController.php(33): spl_autoload_call()
#1 C:\phpStudy\WWW\job\framework\web\actions\CInlineAction.php(49): SiteController->actionIndex()
#2 C:\phpStudy\WWW\job\framework\web\CController.php(308): CInlineAction->runWithParams()
#3 C:\phpStudy\WWW\job\framework\web\CController.php(286): SiteController->runAction()
#4 C:\phpStudy\WWW\job\framework\web\CController.php(265): SiteController->runActionWithFilters()
#5 C:\phpStudy\WWW\job\framework\web\CWebApplication.php(282): SiteController->run()
#6 C:\phpStudy\WWW\job\framework\web\CWebApplication.php(141): CWebApplication->runController()
#7 C:\phpStudy\WWW\job\framework\base\CApplication.php(185): CWebApplication->processRequest()
#8 C:\phpStudy\WWW\job\main\index.php(13): CWebApplication->run()
REQUEST_URI=/job/main/index.php
in C:\phpStudy\WWW\job\main\protected\controllers\SiteController.php (33)
in C:\phpStudy\WWW\job\main\index.php (13)
2017/03/06 14:50:43 [error] [exception.CHttpException.404] exception 'CHttpException' with message 'Unable to resolve the request "index".' in C:\phpStudy\WWW\job\framework\web\CWebApplication.php:286
Stack trace:
#0 C:\phpStudy\WWW\job\framework\web\CWebApplication.php(141): CWebApplication->runController('')
#1 C:\phpStudy\WWW\job\framework\base\CApplication.php(185): CWebApplication->processRequest()
#2 C:\phpStudy\WWW\job\main\index.php(13): CApplication->run()
#3 {main}
REQUEST_URI=/job/main/index.php
---
2017/03/06 14:50:53 [error] [exception.CHttpException.404] exception 'CHttpException' with message 'Unable to resolve the request "Index".' in C:\phpStudy\WWW\job\framework\web\CWebApplication.php:286
Stack trace:
#0 C:\phpStudy\WWW\job\framework\web\CWebApplication.php(141): CWebApplication->runController('')
#1 C:\phpStudy\WWW\job\framework\base\CApplication.php(185): CWebApplication->processRequest()
#2 C:\phpStudy\WWW\job\main\index.php(13): CApplication->run()
#3 {main}
REQUEST_URI=/job/main/index.php
---
2017/03/06 14:50:53 [error] [exception.CHttpException.404] exception 'CHttpException' with message 'Unable to resolve the request "Index".' in C:\phpStudy\WWW\job\framework\web\CWebApplication.php:286
Stack trace:
#0 C:\phpStudy\WWW\job\framework\web\CWebApplication.php(141): CWebApplication->runController('')
#1 C:\phpStudy\WWW\job\framework\base\CApplication.php(185): CWebApplication->processRequest()
#2 C:\phpStudy\WWW\job\main\index.php(13): CApplication->run()
#3 {main}
REQUEST_URI=/job/main/index.php
---
2017/03/06 14:50:53 [error] [exception.CHttpException.404] exception 'CHttpException' with message 'Unable to resolve the request "Index".' in C:\phpStudy\WWW\job\framework\web\CWebApplication.php:286
Stack trace:
#0 C:\phpStudy\WWW\job\framework\web\CWebApplication.php(141): CWebApplication->runController('')
#1 C:\phpStudy\WWW\job\framework\base\CApplication.php(185): CWebApplication->processRequest()
#2 C:\phpStudy\WWW\job\main\index.php(13): CApplication->run()
#3 {main}
REQUEST_URI=/job/main/index.php
---
2017/03/06 16:59:42 [error] [exception.CException] exception 'CException' with message 'IndexController and its behaviors do not have a method or closure named "id".' in C:\phpStudy\WWW\job\framework\base\CComponent.php:266
Stack trace:
#0 C:\phpStudy\WWW\job\main\protected\controllers\IndexController.php(11): CComponent->__call('id', Array)
#1 C:\phpStudy\WWW\job\main\protected\controllers\IndexController.php(11): IndexController->id()
#2 C:\phpStudy\WWW\job\framework\web\actions\CInlineAction.php(49): IndexController->actionIndex()
#3 C:\phpStudy\WWW\job\framework\web\CController.php(308): CInlineAction->runWithParams(Array)
#4 C:\phpStudy\WWW\job\framework\web\CController.php(286): CController->runAction(Object(CInlineAction))
#5 C:\phpStudy\WWW\job\framework\web\CController.php(265): CController->runActionWithFilters(Object(CInlineAction), Array)
#6 C:\phpStudy\WWW\job\framework\web\CWebApplication.php(282): CController->run('')
#7 C:\phpStudy\WWW\job\framework\web\CWebApplication.php(141): CWebApplication->runController('')
#8 C:\phpStudy\WWW\job\framework\base\CApplication.php(185): CWebApplication->processRequest()
#9 C:\phpStudy\WWW\job\main\index.php(13): CApplication->run()
#10 {main}
REQUEST_URI=/job/main/index.php
---
2017/03/06 16:59:43 [error] [exception.CException] exception 'CException' with message 'IndexController and its behaviors do not have a method or closure named "id".' in C:\phpStudy\WWW\job\framework\base\CComponent.php:266
Stack trace:
#0 C:\phpStudy\WWW\job\main\protected\controllers\IndexController.php(11): CComponent->__call('id', Array)
#1 C:\phpStudy\WWW\job\main\protected\controllers\IndexController.php(11): IndexController->id()
#2 C:\phpStudy\WWW\job\framework\web\actions\CInlineAction.php(49): IndexController->actionIndex()
#3 C:\phpStudy\WWW\job\framework\web\CController.php(308): CInlineAction->runWithParams(Array)
#4 C:\phpStudy\WWW\job\framework\web\CController.php(286): CController->runAction(Object(CInlineAction))
#5 C:\phpStudy\WWW\job\framework\web\CController.php(265): CController->runActionWithFilters(Object(CInlineAction), Array)
#6 C:\phpStudy\WWW\job\framework\web\CWebApplication.php(282): CController->run('')
#7 C:\phpStudy\WWW\job\framework\web\CWebApplication.php(141): CWebApplication->runController('')
#8 C:\phpStudy\WWW\job\framework\base\CApplication.php(185): CWebApplication->processRequest()
#9 C:\phpStudy\WWW\job\main\index.php(13): CApplication->run()
#10 {main}
REQUEST_URI=/job/main/index.php
---
2017/03/06 16:59:44 [error] [exception.CException] exception 'CException' with message 'IndexController and its behaviors do not have a method or closure named "id".' in C:\phpStudy\WWW\job\framework\base\CComponent.php:266
Stack trace:
#0 C:\phpStudy\WWW\job\main\protected\controllers\IndexController.php(11): CComponent->__call('id', Array)
#1 C:\phpStudy\WWW\job\main\protected\controllers\IndexController.php(11): IndexController->id()
#2 C:\phpStudy\WWW\job\framework\web\actions\CInlineAction.php(49): IndexController->actionIndex()
#3 C:\phpStudy\WWW\job\framework\web\CController.php(308): CInlineAction->runWithParams(Array)
#4 C:\phpStudy\WWW\job\framework\web\CController.php(286): CController->runAction(Object(CInlineAction))
#5 C:\phpStudy\WWW\job\framework\web\CController.php(265): CController->runActionWithFilters(Object(CInlineAction), Array)
#6 C:\phpStudy\WWW\job\framework\web\CWebApplication.php(282): CController->run('')
#7 C:\phpStudy\WWW\job\framework\web\CWebApplication.php(141): CWebApplication->runController('')
#8 C:\phpStudy\WWW\job\framework\base\CApplication.php(185): CWebApplication->processRequest()
#9 C:\phpStudy\WWW\job\main\index.php(13): CApplication->run()
#10 {main}
REQUEST_URI=/job/main/index.php
---
2017/03/06 16:59:53 [error] [php] Object of class CInlineAction could not be converted to string (C:\phpStudy\WWW\job\main\protected\controllers\IndexController.php:11)
Stack trace:
#0 C:\phpStudy\WWW\job\framework\web\CController.php(286): IndexController->runAction()
#1 C:\phpStudy\WWW\job\framework\web\CController.php(265): IndexController->runActionWithFilters()
#2 C:\phpStudy\WWW\job\framework\web\CWebApplication.php(282): IndexController->run()
#3 C:\phpStudy\WWW\job\framework\web\CWebApplication.php(141): CWebApplication->runController()
#4 C:\phpStudy\WWW\job\framework\base\CApplication.php(185): CWebApplication->processRequest()
#5 C:\phpStudy\WWW\job\main\index.php(13): CWebApplication->run()
REQUEST_URI=/job/main/index.php
in C:\phpStudy\WWW\job\main\protected\controllers\IndexController.php (11)
in C:\phpStudy\WWW\job\main\index.php (13)
2017/03/06 16:59:58 [error] [php] Object of class CInlineAction could not be converted to string (C:\phpStudy\WWW\job\main\protected\controllers\IndexController.php:11)
Stack trace:
#0 C:\phpStudy\WWW\job\framework\web\CController.php(286): IndexController->runAction()
#1 C:\phpStudy\WWW\job\framework\web\CController.php(265): IndexController->runActionWithFilters()
#2 C:\phpStudy\WWW\job\framework\web\CWebApplication.php(282): IndexController->run()
#3 C:\phpStudy\WWW\job\framework\web\CWebApplication.php(141): CWebApplication->runController()
#4 C:\phpStudy\WWW\job\framework\base\CApplication.php(185): CWebApplication->processRequest()
#5 C:\phpStudy\WWW\job\main\index.php(13): CWebApplication->run()
REQUEST_URI=/job/main/index.php
in C:\phpStudy\WWW\job\main\protected\controllers\IndexController.php (11)
in C:\phpStudy\WWW\job\main\index.php (13)
2017/03/06 16:59:58 [error] [php] Object of class CInlineAction could not be converted to string (C:\phpStudy\WWW\job\main\protected\controllers\IndexController.php:11)
Stack trace:
#0 C:\phpStudy\WWW\job\framework\web\CController.php(286): IndexController->runAction()
#1 C:\phpStudy\WWW\job\framework\web\CController.php(265): IndexController->runActionWithFilters()
#2 C:\phpStudy\WWW\job\framework\web\CWebApplication.php(282): IndexController->run()
#3 C:\phpStudy\WWW\job\framework\web\CWebApplication.php(141): CWebApplication->runController()
#4 C:\phpStudy\WWW\job\framework\base\CApplication.php(185): CWebApplication->processRequest()
#5 C:\phpStudy\WWW\job\main\index.php(13): CWebApplication->run()
REQUEST_URI=/job/main/index.php
in C:\phpStudy\WWW\job\main\protected\controllers\IndexController.php (11)
in C:\phpStudy\WWW\job\main\index.php (13)
2017/03/06 16:59:58 [error] [php] Object of class CInlineAction could not be converted to string (C:\phpStudy\WWW\job\main\protected\controllers\IndexController.php:11)
Stack trace:
#0 C:\phpStudy\WWW\job\framework\web\CController.php(286): IndexController->runAction()
#1 C:\phpStudy\WWW\job\framework\web\CController.php(265): IndexController->runActionWithFilters()
#2 C:\phpStudy\WWW\job\framework\web\CWebApplication.php(282): IndexController->run()
#3 C:\phpStudy\WWW\job\framework\web\CWebApplication.php(141): CWebApplication->runController()
#4 C:\phpStudy\WWW\job\framework\base\CApplication.php(185): CWebApplication->processRequest()
#5 C:\phpStudy\WWW\job\main\index.php(13): CWebApplication->run()
REQUEST_URI=/job/main/index.php
in C:\phpStudy\WWW\job\main\protected\controllers\IndexController.php (11)
in C:\phpStudy\WWW\job\main\index.php (13)
2017/03/06 17:02:27 [error] [php] Array to string conversion (C:\phpStudy\WWW\job\main\protected\controllers\IndexController.php:11)
Stack trace:
#0 C:\phpStudy\WWW\job\framework\web\CController.php(286): IndexController->runAction()
#1 C:\phpStudy\WWW\job\framework\web\CController.php(265): IndexController->runActionWithFilters()
#2 C:\phpStudy\WWW\job\framework\web\CWebApplication.php(282): IndexController->run()
#3 C:\phpStudy\WWW\job\framework\web\CWebApplication.php(141): CWebApplication->runController()
#4 C:\phpStudy\WWW\job\framework\base\CApplication.php(185): CWebApplication->processRequest()
#5 C:\phpStudy\WWW\job\main\index.php(13): CWebApplication->run()
REQUEST_URI=/job/main/index.php
in C:\phpStudy\WWW\job\main\protected\controllers\IndexController.php (11)
in C:\phpStudy\WWW\job\main\index.php (13)
2017/03/06 17:02:28 [error] [php] Array to string conversion (C:\phpStudy\WWW\job\main\protected\controllers\IndexController.php:11)
Stack trace:
#0 C:\phpStudy\WWW\job\framework\web\CController.php(286): IndexController->runAction()
#1 C:\phpStudy\WWW\job\framework\web\CController.php(265): IndexController->runActionWithFilters()
#2 C:\phpStudy\WWW\job\framework\web\CWebApplication.php(282): IndexController->run()
#3 C:\phpStudy\WWW\job\framework\web\CWebApplication.php(141): CWebApplication->runController()
#4 C:\phpStudy\WWW\job\framework\base\CApplication.php(185): CWebApplication->processRequest()
#5 C:\phpStudy\WWW\job\main\index.php(13): CWebApplication->run()
REQUEST_URI=/job/main/index.php
in C:\phpStudy\WWW\job\main\protected\controllers\IndexController.php (11)
in C:\phpStudy\WWW\job\main\index.php (13)
2017/03/06 17:02:36 [error] [exception.CException] exception 'CException' with message 'CInlineAction and its behaviors do not have a method or closure named "id".' in C:\phpStudy\WWW\job\framework\base\CComponent.php:266
Stack trace:
#0 C:\phpStudy\WWW\job\main\protected\controllers\IndexController.php(11): CComponent->__call('id', Array)
#1 C:\phpStudy\WWW\job\main\protected\controllers\IndexController.php(11): CInlineAction->id()
#2 C:\phpStudy\WWW\job\framework\web\actions\CInlineAction.php(49): IndexController->actionIndex()
#3 C:\phpStudy\WWW\job\framework\web\CController.php(308): CInlineAction->runWithParams(Array)
#4 C:\phpStudy\WWW\job\framework\web\CController.php(286): CController->runAction(Object(CInlineAction))
#5 C:\phpStudy\WWW\job\framework\web\CController.php(265): CController->runActionWithFilters(Object(CInlineAction), Array)
#6 C:\phpStudy\WWW\job\framework\web\CWebApplication.php(282): CController->run('')
#7 C:\phpStudy\WWW\job\framework\web\CWebApplication.php(141): CWebApplication->runController('')
#8 C:\phpStudy\WWW\job\framework\base\CApplication.php(185): CWebApplication->processRequest()
#9 C:\phpStudy\WWW\job\main\index.php(13): CApplication->run()
#10 {main}
REQUEST_URI=/job/main/index.php
---
2017/03/06 17:02:36 [error] [exception.CException] exception 'CException' with message 'CInlineAction and its behaviors do not have a method or closure named "id".' in C:\phpStudy\WWW\job\framework\base\CComponent.php:266
Stack trace:
#0 C:\phpStudy\WWW\job\main\protected\controllers\IndexController.php(11): CComponent->__call('id', Array)
#1 C:\phpStudy\WWW\job\main\protected\controllers\IndexController.php(11): CInlineAction->id()
#2 C:\phpStudy\WWW\job\framework\web\actions\CInlineAction.php(49): IndexController->actionIndex()
#3 C:\phpStudy\WWW\job\framework\web\CController.php(308): CInlineAction->runWithParams(Array)
#4 C:\phpStudy\WWW\job\framework\web\CController.php(286): CController->runAction(Object(CInlineAction))
#5 C:\phpStudy\WWW\job\framework\web\CController.php(265): CController->runActionWithFilters(Object(CInlineAction), Array)
#6 C:\phpStudy\WWW\job\framework\web\CWebApplication.php(282): CController->run('')
#7 C:\phpStudy\WWW\job\framework\web\CWebApplication.php(141): CWebApplication->runController('')
#8 C:\phpStudy\WWW\job\framework\base\CApplication.php(185): CWebApplication->processRequest()
#9 C:\phpStudy\WWW\job\main\index.php(13): CApplication->run()
#10 {main}
REQUEST_URI=/job/main/index.php
---
2017/03/06 17:02:42 [error] [exception.CException] exception 'CException' with message 'IndexController and its behaviors do not have a method or closure named "id".' in C:\phpStudy\WWW\job\framework\base\CComponent.php:266
Stack trace:
#0 C:\phpStudy\WWW\job\main\protected\controllers\IndexController.php(11): CComponent->__call('id', Array)
#1 C:\phpStudy\WWW\job\main\protected\controllers\IndexController.php(11): IndexController->id()
#2 C:\phpStudy\WWW\job\framework\web\actions\CInlineAction.php(49): IndexController->actionIndex()
#3 C:\phpStudy\WWW\job\framework\web\CController.php(308): CInlineAction->runWithParams(Array)
#4 C:\phpStudy\WWW\job\framework\web\CController.php(286): CController->runAction(Object(CInlineAction))
#5 C:\phpStudy\WWW\job\framework\web\CController.php(265): CController->runActionWithFilters(Object(CInlineAction), Array)
#6 C:\phpStudy\WWW\job\framework\web\CWebApplication.php(282): CController->run('')
#7 C:\phpStudy\WWW\job\framework\web\CWebApplication.php(141): CWebApplication->runController('')
#8 C:\phpStudy\WWW\job\framework\base\CApplication.php(185): CWebApplication->processRequest()
#9 C:\phpStudy\WWW\job\main\index.php(13): CApplication->run()
#10 {main}
REQUEST_URI=/job/main/index.php
---
2017/03/06 17:02:42 [error] [exception.CException] exception 'CException' with message 'IndexController and its behaviors do not have a method or closure named "id".' in C:\phpStudy\WWW\job\framework\base\CComponent.php:266
Stack trace:
#0 C:\phpStudy\WWW\job\main\protected\controllers\IndexController.php(11): CComponent->__call('id', Array)
#1 C:\phpStudy\WWW\job\main\protected\controllers\IndexController.php(11): IndexController->id()
#2 C:\phpStudy\WWW\job\framework\web\actions\CInlineAction.php(49): IndexController->actionIndex()
#3 C:\phpStudy\WWW\job\framework\web\CController.php(308): CInlineAction->runWithParams(Array)
#4 C:\phpStudy\WWW\job\framework\web\CController.php(286): CController->runAction(Object(CInlineAction))
#5 C:\phpStudy\WWW\job\framework\web\CController.php(265): CController->runActionWithFilters(Object(CInlineAction), Array)
#6 C:\phpStudy\WWW\job\framework\web\CWebApplication.php(282): CController->run('')
#7 C:\phpStudy\WWW\job\framework\web\CWebApplication.php(141): CWebApplication->runController('')
#8 C:\phpStudy\WWW\job\framework\base\CApplication.php(185): CWebApplication->processRequest()
#9 C:\phpStudy\WWW\job\main\index.php(13): CApplication->run()
#10 {main}
REQUEST_URI=/job/main/index.php
---
2017/03/06 17:03:47 [error] [exception.CException] exception 'CException' with message 'CInlineAction and its behaviors do not have a method or closure named "id".' in C:\phpStudy\WWW\job\framework\base\CComponent.php:266
Stack trace:
#0 C:\phpStudy\WWW\job\main\protected\controllers\IndexController.php(11): CComponent->__call('id', Array)
#1 C:\phpStudy\WWW\job\main\protected\controllers\IndexController.php(11): CInlineAction->id()
#2 C:\phpStudy\WWW\job\framework\web\actions\CInlineAction.php(49): IndexController->actionIndex()
#3 C:\phpStudy\WWW\job\framework\web\CController.php(308): CInlineAction->runWithParams(Array)
#4 C:\phpStudy\WWW\job\framework\web\CController.php(286): CController->runAction(Object(CInlineAction))
#5 C:\phpStudy\WWW\job\framework\web\CController.php(265): CController->runActionWithFilters(Object(CInlineAction), Array)
#6 C:\phpStudy\WWW\job\framework\web\CWebApplication.php(282): CController->run('')
#7 C:\phpStudy\WWW\job\framework\web\CWebApplication.php(141): CWebApplication->runController('')
#8 C:\phpStudy\WWW\job\framework\base\CApplication.php(185): CWebApplication->processRequest()
#9 C:\phpStudy\WWW\job\main\index.php(13): CApplication->run()
#10 {main}
REQUEST_URI=/job/main/index.php
---
2017/03/06 17:03:47 [error] [exception.CException] exception 'CException' with message 'CInlineAction and its behaviors do not have a method or closure named "id".' in C:\phpStudy\WWW\job\framework\base\CComponent.php:266
Stack trace:
#0 C:\phpStudy\WWW\job\main\protected\controllers\IndexController.php(11): CComponent->__call('id', Array)
#1 C:\phpStudy\WWW\job\main\protected\controllers\IndexController.php(11): CInlineAction->id()
#2 C:\phpStudy\WWW\job\framework\web\actions\CInlineAction.php(49): IndexController->actionIndex()
#3 C:\phpStudy\WWW\job\framework\web\CController.php(308): CInlineAction->runWithParams(Array)
#4 C:\phpStudy\WWW\job\framework\web\CController.php(286): CController->runAction(Object(CInlineAction))
#5 C:\phpStudy\WWW\job\framework\web\CController.php(265): CController->runActionWithFilters(Object(CInlineAction), Array)
#6 C:\phpStudy\WWW\job\framework\web\CWebApplication.php(282): CController->run('')
#7 C:\phpStudy\WWW\job\framework\web\CWebApplication.php(141): CWebApplication->runController('')
#8 C:\phpStudy\WWW\job\framework\base\CApplication.php(185): CWebApplication->processRequest()
#9 C:\phpStudy\WWW\job\main\index.php(13): CApplication->run()
#10 {main}
REQUEST_URI=/job/main/index.php
---
2017/03/06 17:03:48 [error] [exception.CException] exception 'CException' with message 'CInlineAction and its behaviors do not have a method or closure named "id".' in C:\phpStudy\WWW\job\framework\base\CComponent.php:266
Stack trace:
#0 C:\phpStudy\WWW\job\main\protected\controllers\IndexController.php(11): CComponent->__call('id', Array)
#1 C:\phpStudy\WWW\job\main\protected\controllers\IndexController.php(11): CInlineAction->id()
#2 C:\phpStudy\WWW\job\framework\web\actions\CInlineAction.php(49): IndexController->actionIndex()
#3 C:\phpStudy\WWW\job\framework\web\CController.php(308): CInlineAction->runWithParams(Array)
#4 C:\phpStudy\WWW\job\framework\web\CController.php(286): CController->runAction(Object(CInlineAction))
#5 C:\phpStudy\WWW\job\framework\web\CController.php(265): CController->runActionWithFilters(Object(CInlineAction), Array)
#6 C:\phpStudy\WWW\job\framework\web\CWebApplication.php(282): CController->run('')
#7 C:\phpStudy\WWW\job\framework\web\CWebApplication.php(141): CWebApplication->runController('')
#8 C:\phpStudy\WWW\job\framework\base\CApplication.php(185): CWebApplication->processRequest()
#9 C:\phpStudy\WWW\job\main\index.php(13): CApplication->run()
#10 {main}
REQUEST_URI=/job/main/index.php
---
2017/03/06 17:03:48 [error] [exception.CException] exception 'CException' with message 'CInlineAction and its behaviors do not have a method or closure named "id".' in C:\phpStudy\WWW\job\framework\base\CComponent.php:266
Stack trace:
#0 C:\phpStudy\WWW\job\main\protected\controllers\IndexController.php(11): CComponent->__call('id', Array)
#1 C:\phpStudy\WWW\job\main\protected\controllers\IndexController.php(11): CInlineAction->id()
#2 C:\phpStudy\WWW\job\framework\web\actions\CInlineAction.php(49): IndexController->actionIndex()
#3 C:\phpStudy\WWW\job\framework\web\CController.php(308): CInlineAction->runWithParams(Array)
#4 C:\phpStudy\WWW\job\framework\web\CController.php(286): CController->runAction(Object(CInlineAction))
#5 C:\phpStudy\WWW\job\framework\web\CController.php(265): CController->runActionWithFilters(Object(CInlineAction), Array)
#6 C:\phpStudy\WWW\job\framework\web\CWebApplication.php(282): CController->run('')
#7 C:\phpStudy\WWW\job\framework\web\CWebApplication.php(141): CWebApplication->runController('')
#8 C:\phpStudy\WWW\job\framework\base\CApplication.php(185): CWebApplication->processRequest()
#9 C:\phpStudy\WWW\job\main\index.php(13): CApplication->run()
#10 {main}
REQUEST_URI=/job/main/index.php
---
2017/03/06 17:03:48 [error] [exception.CException] exception 'CException' with message 'CInlineAction and its behaviors do not have a method or closure named "id".' in C:\phpStudy\WWW\job\framework\base\CComponent.php:266
Stack trace:
#0 C:\phpStudy\WWW\job\main\protected\controllers\IndexController.php(11): CComponent->__call('id', Array)
#1 C:\phpStudy\WWW\job\main\protected\controllers\IndexController.php(11): CInlineAction->id()
#2 C:\phpStudy\WWW\job\framework\web\actions\CInlineAction.php(49): IndexController->actionIndex()
#3 C:\phpStudy\WWW\job\framework\web\CController.php(308): CInlineAction->runWithParams(Array)
#4 C:\phpStudy\WWW\job\framework\web\CController.php(286): CController->runAction(Object(CInlineAction))
#5 C:\phpStudy\WWW\job\framework\web\CController.php(265): CController->runActionWithFilters(Object(CInlineAction), Array)
#6 C:\phpStudy\WWW\job\framework\web\CWebApplication.php(282): CController->run('')
#7 C:\phpStudy\WWW\job\framework\web\CWebApplication.php(141): CWebApplication->runController('')
#8 C:\phpStudy\WWW\job\framework\base\CApplication.php(185): CWebApplication->processRequest()
#9 C:\phpStudy\WWW\job\main\index.php(13): CApplication->run()
#10 {main}
REQUEST_URI=/job/main/index.php
---
2017/03/06 17:03:48 [error] [exception.CException] exception 'CException' with message 'CInlineAction and its behaviors do not have a method or closure named "id".' in C:\phpStudy\WWW\job\framework\base\CComponent.php:266
Stack trace:
#0 C:\phpStudy\WWW\job\main\protected\controllers\IndexController.php(11): CComponent->__call('id', Array)
#1 C:\phpStudy\WWW\job\main\protected\controllers\IndexController.php(11): CInlineAction->id()
#2 C:\phpStudy\WWW\job\framework\web\actions\CInlineAction.php(49): IndexController->actionIndex()
#3 C:\phpStudy\WWW\job\framework\web\CController.php(308): CInlineAction->runWithParams(Array)
#4 C:\phpStudy\WWW\job\framework\web\CController.php(286): CController->runAction(Object(CInlineAction))
#5 C:\phpStudy\WWW\job\framework\web\CController.php(265): CController->runActionWithFilters(Object(CInlineAction), Array)
#6 C:\phpStudy\WWW\job\framework\web\CWebApplication.php(282): CController->run('')
#7 C:\phpStudy\WWW\job\framework\web\CWebApplication.php(141): CWebApplication->runController('')
#8 C:\phpStudy\WWW\job\framework\base\CApplication.php(185): CWebApplication->processRequest()
#9 C:\phpStudy\WWW\job\main\index.php(13): CApplication->run()
#10 {main}
REQUEST_URI=/job/main/index.php
---
2017/03/06 17:03:48 [error] [exception.CException] exception 'CException' with message 'CInlineAction and its behaviors do not have a method or closure named "id".' in C:\phpStudy\WWW\job\framework\base\CComponent.php:266
Stack trace:
#0 C:\phpStudy\WWW\job\main\protected\controllers\IndexController.php(11): CComponent->__call('id', Array)
#1 C:\phpStudy\WWW\job\main\protected\controllers\IndexController.php(11): CInlineAction->id()
#2 C:\phpStudy\WWW\job\framework\web\actions\CInlineAction.php(49): IndexController->actionIndex()
#3 C:\phpStudy\WWW\job\framework\web\CController.php(308): CInlineAction->runWithParams(Array)
#4 C:\phpStudy\WWW\job\framework\web\CController.php(286): CController->runAction(Object(CInlineAction))
#5 C:\phpStudy\WWW\job\framework\web\CController.php(265): CController->runActionWithFilters(Object(CInlineAction), Array)
#6 C:\phpStudy\WWW\job\framework\web\CWebApplication.php(282): CController->run('')
#7 C:\phpStudy\WWW\job\framework\web\CWebApplication.php(141): CWebApplication->runController('')
#8 C:\phpStudy\WWW\job\framework\base\CApplication.php(185): CWebApplication->processRequest()
#9 C:\phpStudy\WWW\job\main\index.php(13): CApplication->run()
#10 {main}
REQUEST_URI=/job/main/index.php
---
2017/03/06 17:03:58 [error] [exception.CException] exception 'CException' with message 'IndexController and its behaviors do not have a method or closure named "id".' in C:\phpStudy\WWW\job\framework\base\CComponent.php:266
Stack trace:
#0 C:\phpStudy\WWW\job\main\protected\controllers\IndexController.php(11): CComponent->__call('id', Array)
#1 C:\phpStudy\WWW\job\main\protected\controllers\IndexController.php(11): IndexController->id()
#2 C:\phpStudy\WWW\job\framework\web\actions\CInlineAction.php(49): IndexController->actionIndex()
#3 C:\phpStudy\WWW\job\framework\web\CController.php(308): CInlineAction->runWithParams(Array)
#4 C:\phpStudy\WWW\job\framework\web\CController.php(286): CController->runAction(Object(CInlineAction))
#5 C:\phpStudy\WWW\job\framework\web\CController.php(265): CController->runActionWithFilters(Object(CInlineAction), Array)
#6 C:\phpStudy\WWW\job\framework\web\CWebApplication.php(282): CController->run('')
#7 C:\phpStudy\WWW\job\framework\web\CWebApplication.php(141): CWebApplication->runController('')
#8 C:\phpStudy\WWW\job\framework\base\CApplication.php(185): CWebApplication->processRequest()
#9 C:\phpStudy\WWW\job\main\index.php(13): CApplication->run()
#10 {main}
REQUEST_URI=/job/main/index.php
---
2017/03/06 17:03:58 [error] [exception.CException] exception 'CException' with message 'IndexController and its behaviors do not have a method or closure named "id".' in C:\phpStudy\WWW\job\framework\base\CComponent.php:266
Stack trace:
#0 C:\phpStudy\WWW\job\main\protected\controllers\IndexController.php(11): CComponent->__call('id', Array)
#1 C:\phpStudy\WWW\job\main\protected\controllers\IndexController.php(11): IndexController->id()
#2 C:\phpStudy\WWW\job\framework\web\actions\CInlineAction.php(49): IndexController->actionIndex()
#3 C:\phpStudy\WWW\job\framework\web\CController.php(308): CInlineAction->runWithParams(Array)
#4 C:\phpStudy\WWW\job\framework\web\CController.php(286): CController->runAction(Object(CInlineAction))
#5 C:\phpStudy\WWW\job\framework\web\CController.php(265): CController->runActionWithFilters(Object(CInlineAction), Array)
#6 C:\phpStudy\WWW\job\framework\web\CWebApplication.php(282): CController->run('')
#7 C:\phpStudy\WWW\job\framework\web\CWebApplication.php(141): CWebApplication->runController('')
#8 C:\phpStudy\WWW\job\framework\base\CApplication.php(185): CWebApplication->processRequest()
#9 C:\phpStudy\WWW\job\main\index.php(13): CApplication->run()
#10 {main}
REQUEST_URI=/job/main/index.php
---
2017/03/06 17:03:59 [error] [exception.CException] exception 'CException' with message 'IndexController and its behaviors do not have a method or closure named "id".' in C:\phpStudy\WWW\job\framework\base\CComponent.php:266
Stack trace:
#0 C:\phpStudy\WWW\job\main\protected\controllers\IndexController.php(11): CComponent->__call('id', Array)
#1 C:\phpStudy\WWW\job\main\protected\controllers\IndexController.php(11): IndexController->id()
#2 C:\phpStudy\WWW\job\framework\web\actions\CInlineAction.php(49): IndexController->actionIndex()
#3 C:\phpStudy\WWW\job\framework\web\CController.php(308): CInlineAction->runWithParams(Array)
#4 C:\phpStudy\WWW\job\framework\web\CController.php(286): CController->runAction(Object(CInlineAction))
#5 C:\phpStudy\WWW\job\framework\web\CController.php(265): CController->runActionWithFilters(Object(CInlineAction), Array)
#6 C:\phpStudy\WWW\job\framework\web\CWebApplication.php(282): CController->run('')
#7 C:\phpStudy\WWW\job\framework\web\CWebApplication.php(141): CWebApplication->runController('')
#8 C:\phpStudy\WWW\job\framework\base\CApplication.php(185): CWebApplication->processRequest()
#9 C:\phpStudy\WWW\job\main\index.php(13): CApplication->run()
#10 {main}
REQUEST_URI=/job/main/index.php
---
2017/03/06 17:03:59 [error] [exception.CException] exception 'CException' with message 'IndexController and its behaviors do not have a method or closure named "id".' in C:\phpStudy\WWW\job\framework\base\CComponent.php:266
Stack trace:
#0 C:\phpStudy\WWW\job\main\protected\controllers\IndexController.php(11): CComponent->__call('id', Array)
#1 C:\phpStudy\WWW\job\main\protected\controllers\IndexController.php(11): IndexController->id()
#2 C:\phpStudy\WWW\job\framework\web\actions\CInlineAction.php(49): IndexController->actionIndex()
#3 C:\phpStudy\WWW\job\framework\web\CController.php(308): CInlineAction->runWithParams(Array)
#4 C:\phpStudy\WWW\job\framework\web\CController.php(286): CController->runAction(Object(CInlineAction))
#5 C:\phpStudy\WWW\job\framework\web\CController.php(265): CController->runActionWithFilters(Object(CInlineAction), Array)
#6 C:\phpStudy\WWW\job\framework\web\CWebApplication.php(282): CController->run('')
#7 C:\phpStudy\WWW\job\framework\web\CWebApplication.php(141): CWebApplication->runController('')
#8 C:\phpStudy\WWW\job\framework\base\CApplication.php(185): CWebApplication->processRequest()
#9 C:\phpStudy\WWW\job\main\index.php(13): CApplication->run()
#10 {main}
REQUEST_URI=/job/main/index.php
---
2017/03/06 17:04:12 [error] [php] Object of class CInlineAction could not be converted to string (C:\phpStudy\WWW\job\main\protected\controllers\IndexController.php:11)
Stack trace:
#0 C:\phpStudy\WWW\job\framework\web\CController.php(286): IndexController->runAction()
#1 C:\phpStudy\WWW\job\framework\web\CController.php(265): IndexController->runActionWithFilters()
#2 C:\phpStudy\WWW\job\framework\web\CWebApplication.php(282): IndexController->run()
#3 C:\phpStudy\WWW\job\framework\web\CWebApplication.php(141): CWebApplication->runController()
#4 C:\phpStudy\WWW\job\framework\base\CApplication.php(185): CWebApplication->processRequest()
#5 C:\phpStudy\WWW\job\main\index.php(13): CWebApplication->run()
REQUEST_URI=/job/main/index.php
in C:\phpStudy\WWW\job\main\protected\controllers\IndexController.php (11)
in C:\phpStudy\WWW\job\main\index.php (13)
2017/03/06 17:04:13 [error] [php] Object of class CInlineAction could not be converted to string (C:\phpStudy\WWW\job\main\protected\controllers\IndexController.php:11)
Stack trace:
#0 C:\phpStudy\WWW\job\framework\web\CController.php(286): IndexController->runAction()
#1 C:\phpStudy\WWW\job\framework\web\CController.php(265): IndexController->runActionWithFilters()
#2 C:\phpStudy\WWW\job\framework\web\CWebApplication.php(282): IndexController->run()
#3 C:\phpStudy\WWW\job\framework\web\CWebApplication.php(141): CWebApplication->runController()
#4 C:\phpStudy\WWW\job\framework\base\CApplication.php(185): CWebApplication->processRequest()
#5 C:\phpStudy\WWW\job\main\index.php(13): CWebApplication->run()
REQUEST_URI=/job/main/index.php
in C:\phpStudy\WWW\job\main\protected\controllers\IndexController.php (11)
in C:\phpStudy\WWW\job\main\index.php (13)
2017/03/06 17:04:13 [error] [php] Object of class CInlineAction could not be converted to string (C:\phpStudy\WWW\job\main\protected\controllers\IndexController.php:11)
Stack trace:
#0 C:\phpStudy\WWW\job\framework\web\CController.php(286): IndexController->runAction()
#1 C:\phpStudy\WWW\job\framework\web\CController.php(265): IndexController->runActionWithFilters()
#2 C:\phpStudy\WWW\job\framework\web\CWebApplication.php(282): IndexController->run()
#3 C:\phpStudy\WWW\job\framework\web\CWebApplication.php(141): CWebApplication->runController()
#4 C:\phpStudy\WWW\job\framework\base\CApplication.php(185): CWebApplication->processRequest()
#5 C:\phpStudy\WWW\job\main\index.php(13): CWebApplication->run()
REQUEST_URI=/job/main/index.php
in C:\phpStudy\WWW\job\main\protected\controllers\IndexController.php (11)
in C:\phpStudy\WWW\job\main\index.php (13)
2017/03/06 17:04:13 [error] [php] Object of class CInlineAction could not be converted to string (C:\phpStudy\WWW\job\main\protected\controllers\IndexController.php:11)
Stack trace:
#0 C:\phpStudy\WWW\job\framework\web\CController.php(286): IndexController->runAction()
#1 C:\phpStudy\WWW\job\framework\web\CController.php(265): IndexController->runActionWithFilters()
#2 C:\phpStudy\WWW\job\framework\web\CWebApplication.php(282): IndexController->run()
#3 C:\phpStudy\WWW\job\framework\web\CWebApplication.php(141): CWebApplication->runController()
#4 C:\phpStudy\WWW\job\framework\base\CApplication.php(185): CWebApplication->processRequest()
#5 C:\phpStudy\WWW\job\main\index.php(13): CWebApplication->run()
REQUEST_URI=/job/main/index.php
in C:\phpStudy\WWW\job\main\protected\controllers\IndexController.php (11)
in C:\phpStudy\WWW\job\main\index.php (13)
2017/03/06 17:04:23 [error] [exception.CException] exception 'CException' with message 'IndexController and its behaviors do not have a method or closure named "id".' in C:\phpStudy\WWW\job\framework\base\CComponent.php:266
Stack trace:
#0 C:\phpStudy\WWW\job\main\protected\controllers\IndexController.php(11): CComponent->__call('id', Array)
#1 C:\phpStudy\WWW\job\main\protected\controllers\IndexController.php(11): IndexController->id()
#2 C:\phpStudy\WWW\job\framework\web\actions\CInlineAction.php(49): IndexController->actionIndex()
#3 C:\phpStudy\WWW\job\framework\web\CController.php(308): CInlineAction->runWithParams(Array)
#4 C:\phpStudy\WWW\job\framework\web\CController.php(286): CController->runAction(Object(CInlineAction))
#5 C:\phpStudy\WWW\job\framework\web\CController.php(265): CController->runActionWithFilters(Object(CInlineAction), Array)
#6 C:\phpStudy\WWW\job\framework\web\CWebApplication.php(282): CController->run('')
#7 C:\phpStudy\WWW\job\framework\web\CWebApplication.php(141): CWebApplication->runController('')
#8 C:\phpStudy\WWW\job\framework\base\CApplication.php(185): CWebApplication->processRequest()
#9 C:\phpStudy\WWW\job\main\index.php(13): CApplication->run()
#10 {main}
REQUEST_URI=/job/main/index.php
---
2017/03/06 17:04:23 [error] [exception.CException] exception 'CException' with message 'IndexController and its behaviors do not have a method or closure named "id".' in C:\phpStudy\WWW\job\framework\base\CComponent.php:266
Stack trace:
#0 C:\phpStudy\WWW\job\main\protected\controllers\IndexController.php(11): CComponent->__call('id', Array)
#1 C:\phpStudy\WWW\job\main\protected\controllers\IndexController.php(11): IndexController->id()
#2 C:\phpStudy\WWW\job\framework\web\actions\CInlineAction.php(49): IndexController->actionIndex()
#3 C:\phpStudy\WWW\job\framework\web\CController.php(308): CInlineAction->runWithParams(Array)
#4 C:\phpStudy\WWW\job\framework\web\CController.php(286): CController->runAction(Object(CInlineAction))
#5 C:\phpStudy\WWW\job\framework\web\CController.php(265): CController->runActionWithFilters(Object(CInlineAction), Array)
#6 C:\phpStudy\WWW\job\framework\web\CWebApplication.php(282): CController->run('')
#7 C:\phpStudy\WWW\job\framework\web\CWebApplication.php(141): CWebApplication->runController('')
#8 C:\phpStudy\WWW\job\framework\base\CApplication.php(185): CWebApplication->processRequest()
#9 C:\phpStudy\WWW\job\main\index.php(13): CApplication->run()
#10 {main}
REQUEST_URI=/job/main/index.php
---
2017/03/06 17:04:24 [error] [exception.CException] exception 'CException' with message 'IndexController and its behaviors do not have a method or closure named "id".' in C:\phpStudy\WWW\job\framework\base\CComponent.php:266
Stack trace:
#0 C:\phpStudy\WWW\job\main\protected\controllers\IndexController.php(11): CComponent->__call('id', Array)
#1 C:\phpStudy\WWW\job\main\protected\controllers\IndexController.php(11): IndexController->id()
#2 C:\phpStudy\WWW\job\framework\web\actions\CInlineAction.php(49): IndexController->actionIndex()
#3 C:\phpStudy\WWW\job\framework\web\CController.php(308): CInlineAction->runWithParams(Array)
#4 C:\phpStudy\WWW\job\framework\web\CController.php(286): CController->runAction(Object(CInlineAction))
#5 C:\phpStudy\WWW\job\framework\web\CController.php(265): CController->runActionWithFilters(Object(CInlineAction), Array)
#6 C:\phpStudy\WWW\job\framework\web\CWebApplication.php(282): CController->run('')
#7 C:\phpStudy\WWW\job\framework\web\CWebApplication.php(141): CWebApplication->runController('')
#8 C:\phpStudy\WWW\job\framework\base\CApplication.php(185): CWebApplication->processRequest()
#9 C:\phpStudy\WWW\job\main\index.php(13): CApplication->run()
#10 {main}
REQUEST_URI=/job/main/index.php
---
2017/03/06 17:05:05 [error] [exception.CException] exception 'CException' with message 'CWebApplication and its behaviors do not have a method or closure named "getaction".' in C:\phpStudy\WWW\job\framework\base\CComponent.php:266
Stack trace:
#0 C:\phpStudy\WWW\job\main\protected\controllers\IndexController.php(11): CComponent->__call('getaction', Array)
#1 C:\phpStudy\WWW\job\main\protected\controllers\IndexController.php(11): CWebApplication->getaction()
#2 C:\phpStudy\WWW\job\framework\web\actions\CInlineAction.php(49): IndexController->actionIndex()
#3 C:\phpStudy\WWW\job\framework\web\CController.php(308): CInlineAction->runWithParams(Array)
#4 C:\phpStudy\WWW\job\framework\web\CController.php(286): CController->runAction(Object(CInlineAction))
#5 C:\phpStudy\WWW\job\framework\web\CController.php(265): CController->runActionWithFilters(Object(CInlineAction), Array)
#6 C:\phpStudy\WWW\job\framework\web\CWebApplication.php(282): CController->run('')
#7 C:\phpStudy\WWW\job\framework\web\CWebApplication.php(141): CWebApplication->runController('')
#8 C:\phpStudy\WWW\job\framework\base\CApplication.php(185): CWebApplication->processRequest()
#9 C:\phpStudy\WWW\job\main\index.php(13): CApplication->run()
#10 {main}
REQUEST_URI=/job/main/index.php
---
2017/03/06 17:05:05 [error] [exception.CException] exception 'CException' with message 'CWebApplication and its behaviors do not have a method or closure named "getaction".' in C:\phpStudy\WWW\job\framework\base\CComponent.php:266
Stack trace:
#0 C:\phpStudy\WWW\job\main\protected\controllers\IndexController.php(11): CComponent->__call('getaction', Array)
#1 C:\phpStudy\WWW\job\main\protected\controllers\IndexController.php(11): CWebApplication->getaction()
#2 C:\phpStudy\WWW\job\framework\web\actions\CInlineAction.php(49): IndexController->actionIndex()
#3 C:\phpStudy\WWW\job\framework\web\CController.php(308): CInlineAction->runWithParams(Array)
#4 C:\phpStudy\WWW\job\framework\web\CController.php(286): CController->runAction(Object(CInlineAction))
#5 C:\phpStudy\WWW\job\framework\web\CController.php(265): CController->runActionWithFilters(Object(CInlineAction), Array)
#6 C:\phpStudy\WWW\job\framework\web\CWebApplication.php(282): CController->run('')
#7 C:\phpStudy\WWW\job\framework\web\CWebApplication.php(141): CWebApplication->runController('')
#8 C:\phpStudy\WWW\job\framework\base\CApplication.php(185): CWebApplication->processRequest()
#9 C:\phpStudy\WWW\job\main\index.php(13): CApplication->run()
#10 {main}
REQUEST_URI=/job/main/index.php
---
2017/03/06 17:05:16 [error] [exception.CException] exception 'CException' with message 'CWebApplication and its behaviors do not have a method or closure named "getAction".' in C:\phpStudy\WWW\job\framework\base\CComponent.php:266
Stack trace:
#0 C:\phpStudy\WWW\job\main\protected\controllers\IndexController.php(11): CComponent->__call('getAction', Array)
#1 C:\phpStudy\WWW\job\main\protected\controllers\IndexController.php(11): CWebApplication->getAction()
#2 C:\phpStudy\WWW\job\framework\web\actions\CInlineAction.php(49): IndexController->actionIndex()
#3 C:\phpStudy\WWW\job\framework\web\CController.php(308): CInlineAction->runWithParams(Array)
#4 C:\phpStudy\WWW\job\framework\web\CController.php(286): CController->runAction(Object(CInlineAction))
#5 C:\phpStudy\WWW\job\framework\web\CController.php(265): CController->runActionWithFilters(Object(CInlineAction), Array)
#6 C:\phpStudy\WWW\job\framework\web\CWebApplication.php(282): CController->run('')
#7 C:\phpStudy\WWW\job\framework\web\CWebApplication.php(141): CWebApplication->runController('')
#8 C:\phpStudy\WWW\job\framework\base\CApplication.php(185): CWebApplication->processRequest()
#9 C:\phpStudy\WWW\job\main\index.php(13): CApplication->run()
#10 {main}
REQUEST_URI=/job/main/index.php
---
2017/03/06 17:05:22 [error] [exception.CException] exception 'CException' with message 'CWebApplication and its behaviors do not have a method or closure named "id".' in C:\phpStudy\WWW\job\framework\base\CComponent.php:266
Stack trace:
#0 C:\phpStudy\WWW\job\main\protected\controllers\IndexController.php(11): CComponent->__call('id', Array)
#1 C:\phpStudy\WWW\job\main\protected\controllers\IndexController.php(11): CWebApplication->id()
#2 C:\phpStudy\WWW\job\framework\web\actions\CInlineAction.php(49): IndexController->actionIndex()
#3 C:\phpStudy\WWW\job\framework\web\CController.php(308): CInlineAction->runWithParams(Array)
#4 C:\phpStudy\WWW\job\framework\web\CController.php(286): CController->runAction(Object(CInlineAction))
#5 C:\phpStudy\WWW\job\framework\web\CController.php(265): CController->runActionWithFilters(Object(CInlineAction), Array)
#6 C:\phpStudy\WWW\job\framework\web\CWebApplication.php(282): CController->run('')
#7 C:\phpStudy\WWW\job\framework\web\CWebApplication.php(141): CWebApplication->runController('')
#8 C:\phpStudy\WWW\job\framework\base\CApplication.php(185): CWebApplication->processRequest()
#9 C:\phpStudy\WWW\job\main\index.php(13): CApplication->run()
#10 {main}
REQUEST_URI=/job/main/index.php
---
2017/03/06 17:05:22 [error] [exception.CException] exception 'CException' with message 'CWebApplication and its behaviors do not have a method or closure named "id".' in C:\phpStudy\WWW\job\framework\base\CComponent.php:266
Stack trace:
#0 C:\phpStudy\WWW\job\main\protected\controllers\IndexController.php(11): CComponent->__call('id', Array)
#1 C:\phpStudy\WWW\job\main\protected\controllers\IndexController.php(11): CWebApplication->id()
#2 C:\phpStudy\WWW\job\framework\web\actions\CInlineAction.php(49): IndexController->actionIndex()
#3 C:\phpStudy\WWW\job\framework\web\CController.php(308): CInlineAction->runWithParams(Array)
#4 C:\phpStudy\WWW\job\framework\web\CController.php(286): CController->runAction(Object(CInlineAction))
#5 C:\phpStudy\WWW\job\framework\web\CController.php(265): CController->runActionWithFilters(Object(CInlineAction), Array)
#6 C:\phpStudy\WWW\job\framework\web\CWebApplication.php(282): CController->run('')
#7 C:\phpStudy\WWW\job\framework\web\CWebApplication.php(141): CWebApplication->runController('')
#8 C:\phpStudy\WWW\job\framework\base\CApplication.php(185): CWebApplication->processRequest()
#9 C:\phpStudy\WWW\job\main\index.php(13): CApplication->run()
#10 {main}
REQUEST_URI=/job/main/index.php
---
2017/03/06 17:05:23 [error] [exception.CException] exception 'CException' with message 'CWebApplication and its behaviors do not have a method or closure named "id".' in C:\phpStudy\WWW\job\framework\base\CComponent.php:266
Stack trace:
#0 C:\phpStudy\WWW\job\main\protected\controllers\IndexController.php(11): CComponent->__call('id', Array)
#1 C:\phpStudy\WWW\job\main\protected\controllers\IndexController.php(11): CWebApplication->id()
#2 C:\phpStudy\WWW\job\framework\web\actions\CInlineAction.php(49): IndexController->actionIndex()
#3 C:\phpStudy\WWW\job\framework\web\CController.php(308): CInlineAction->runWithParams(Array)
#4 C:\phpStudy\WWW\job\framework\web\CController.php(286): CController->runAction(Object(CInlineAction))
#5 C:\phpStudy\WWW\job\framework\web\CController.php(265): CController->runActionWithFilters(Object(CInlineAction), Array)
#6 C:\phpStudy\WWW\job\framework\web\CWebApplication.php(282): CController->run('')
#7 C:\phpStudy\WWW\job\framework\web\CWebApplication.php(141): CWebApplication->runController('')
#8 C:\phpStudy\WWW\job\framework\base\CApplication.php(185): CWebApplication->processRequest()
#9 C:\phpStudy\WWW\job\main\index.php(13): CApplication->run()
#10 {main}
REQUEST_URI=/job/main/index.php
---
2017/03/06 17:05:23 [error] [exception.CException] exception 'CException' with message 'CWebApplication and its behaviors do not have a method or closure named "id".' in C:\phpStudy\WWW\job\framework\base\CComponent.php:266
Stack trace:
#0 C:\phpStudy\WWW\job\main\protected\controllers\IndexController.php(11): CComponent->__call('id', Array)
#1 C:\phpStudy\WWW\job\main\protected\controllers\IndexController.php(11): CWebApplication->id()
#2 C:\phpStudy\WWW\job\framework\web\actions\CInlineAction.php(49): IndexController->actionIndex()
#3 C:\phpStudy\WWW\job\framework\web\CController.php(308): CInlineAction->runWithParams(Array)
#4 C:\phpStudy\WWW\job\framework\web\CController.php(286): CController->runAction(Object(CInlineAction))
#5 C:\phpStudy\WWW\job\framework\web\CController.php(265): CController->runActionWithFilters(Object(CInlineAction), Array)
#6 C:\phpStudy\WWW\job\framework\web\CWebApplication.php(282): CController->run('')
#7 C:\phpStudy\WWW\job\framework\web\CWebApplication.php(141): CWebApplication->runController('')
#8 C:\phpStudy\WWW\job\framework\base\CApplication.php(185): CWebApplication->processRequest()
#9 C:\phpStudy\WWW\job\main\index.php(13): CApplication->run()
#10 {main}
REQUEST_URI=/job/main/index.php
---
2017/03/06 17:07:43 [error] [exception.CException] exception 'CException' with message 'IndexController and its behaviors do not have a method or closure named "rederPartial".' in C:\phpStudy\WWW\job\framework\base\CComponent.php:266
Stack trace:
#0 C:\phpStudy\WWW\job\main\protected\controllers\IndexController.php(11): CComponent->__call('rederPartial', Array)
#1 C:\phpStudy\WWW\job\main\protected\controllers\IndexController.php(11): IndexController->rederPartial('index')
#2 C:\phpStudy\WWW\job\framework\web\actions\CInlineAction.php(49): IndexController->actionIndex()
#3 C:\phpStudy\WWW\job\framework\web\CController.php(308): CInlineAction->runWithParams(Array)
#4 C:\phpStudy\WWW\job\framework\web\CController.php(286): CController->runAction(Object(CInlineAction))
#5 C:\phpStudy\WWW\job\framework\web\CController.php(265): CController->runActionWithFilters(Object(CInlineAction), Array)
#6 C:\phpStudy\WWW\job\framework\web\CWebApplication.php(282): CController->run('')
#7 C:\phpStudy\WWW\job\framework\web\CWebApplication.php(141): CWebApplication->runController('')
#8 C:\phpStudy\WWW\job\framework\base\CApplication.php(185): CWebApplication->processRequest()
#9 C:\phpStudy\WWW\job\main\index.php(13): CApplication->run()
#10 {main}
REQUEST_URI=/job/main/index.php
---
2017/03/06 17:07:44 [error] [exception.CException] exception 'CException' with message 'IndexController and its behaviors do not have a method or closure named "rederPartial".' in C:\phpStudy\WWW\job\framework\base\CComponent.php:266
Stack trace:
#0 C:\phpStudy\WWW\job\main\protected\controllers\IndexController.php(11): CComponent->__call('rederPartial', Array)
#1 C:\phpStudy\WWW\job\main\protected\controllers\IndexController.php(11): IndexController->rederPartial('index')
#2 C:\phpStudy\WWW\job\framework\web\actions\CInlineAction.php(49): IndexController->actionIndex()
#3 C:\phpStudy\WWW\job\framework\web\CController.php(308): CInlineAction->runWithParams(Array)
#4 C:\phpStudy\WWW\job\framework\web\CController.php(286): CController->runAction(Object(CInlineAction))
#5 C:\phpStudy\WWW\job\framework\web\CController.php(265): CController->runActionWithFilters(Object(CInlineAction), Array)
#6 C:\phpStudy\WWW\job\framework\web\CWebApplication.php(282): CController->run('')
#7 C:\phpStudy\WWW\job\framework\web\CWebApplication.php(141): CWebApplication->runController('')
#8 C:\phpStudy\WWW\job\framework\base\CApplication.php(185): CWebApplication->processRequest()
#9 C:\phpStudy\WWW\job\main\index.php(13): CApplication->run()
#10 {main}
REQUEST_URI=/job/main/index.php
---
2017/03/06 17:07:44 [error] [exception.CException] exception 'CException' with message 'IndexController and its behaviors do not have a method or closure named "rederPartial".' in C:\phpStudy\WWW\job\framework\base\CComponent.php:266
Stack trace:
#0 C:\phpStudy\WWW\job\main\protected\controllers\IndexController.php(11): CComponent->__call('rederPartial', Array)
#1 C:\phpStudy\WWW\job\main\protected\controllers\IndexController.php(11): IndexController->rederPartial('index')
#2 C:\phpStudy\WWW\job\framework\web\actions\CInlineAction.php(49): IndexController->actionIndex()
#3 C:\phpStudy\WWW\job\framework\web\CController.php(308): CInlineAction->runWithParams(Array)
#4 C:\phpStudy\WWW\job\framework\web\CController.php(286): CController->runAction(Object(CInlineAction))
#5 C:\phpStudy\WWW\job\framework\web\CController.php(265): CController->runActionWithFilters(Object(CInlineAction), Array)
#6 C:\phpStudy\WWW\job\framework\web\CWebApplication.php(282): CController->run('')
#7 C:\phpStudy\WWW\job\framework\web\CWebApplication.php(141): CWebApplication->runController('')
#8 C:\phpStudy\WWW\job\framework\base\CApplication.php(185): CWebApplication->processRequest()
#9 C:\phpStudy\WWW\job\main\index.php(13): CApplication->run()
#10 {main}
REQUEST_URI=/job/main/index.php
---
2017/03/06 17:07:45 [error] [exception.CException] exception 'CException' with message 'IndexController and its behaviors do not have a method or closure named "rederPartial".' in C:\phpStudy\WWW\job\framework\base\CComponent.php:266
Stack trace:
#0 C:\phpStudy\WWW\job\main\protected\controllers\IndexController.php(11): CComponent->__call('rederPartial', Array)
#1 C:\phpStudy\WWW\job\main\protected\controllers\IndexController.php(11): IndexController->rederPartial('index')
#2 C:\phpStudy\WWW\job\framework\web\actions\CInlineAction.php(49): IndexController->actionIndex()
#3 C:\phpStudy\WWW\job\framework\web\CController.php(308): CInlineAction->runWithParams(Array)
#4 C:\phpStudy\WWW\job\framework\web\CController.php(286): CController->runAction(Object(CInlineAction))
#5 C:\phpStudy\WWW\job\framework\web\CController.php(265): CController->runActionWithFilters(Object(CInlineAction), Array)
#6 C:\phpStudy\WWW\job\framework\web\CWebApplication.php(282): CController->run('')
#7 C:\phpStudy\WWW\job\framework\web\CWebApplication.php(141): CWebApplication->runController('')
#8 C:\phpStudy\WWW\job\framework\base\CApplication.php(185): CWebApplication->processRequest()
#9 C:\phpStudy\WWW\job\main\index.php(13): CApplication->run()
#10 {main}
REQUEST_URI=/job/main/index.php
---
2017/03/06 17:08:03 [error] [exception.CException] exception 'CException' with message 'IndexController and its behaviors do not have a method or closure named "redenPartial".' in C:\phpStudy\WWW\job\framework\base\CComponent.php:266
Stack trace:
#0 C:\phpStudy\WWW\job\main\protected\controllers\IndexController.php(11): CComponent->__call('redenPartial', Array)
#1 C:\phpStudy\WWW\job\main\protected\controllers\IndexController.php(11): IndexController->redenPartial('index')
#2 C:\phpStudy\WWW\job\framework\web\actions\CInlineAction.php(49): IndexController->actionIndex()
#3 C:\phpStudy\WWW\job\framework\web\CController.php(308): CInlineAction->runWithParams(Array)
#4 C:\phpStudy\WWW\job\framework\web\CController.php(286): CController->runAction(Object(CInlineAction))
#5 C:\phpStudy\WWW\job\framework\web\CController.php(265): CController->runActionWithFilters(Object(CInlineAction), Array)
#6 C:\phpStudy\WWW\job\framework\web\CWebApplication.php(282): CController->run('')
#7 C:\phpStudy\WWW\job\framework\web\CWebApplication.php(141): CWebApplication->runController('')
#8 C:\phpStudy\WWW\job\framework\base\CApplication.php(185): CWebApplication->processRequest()
#9 C:\phpStudy\WWW\job\main\index.php(13): CApplication->run()
#10 {main}
REQUEST_URI=/job/main/index.php
---
2017/03/06 17:08:03 [error] [exception.CException] exception 'CException' with message 'IndexController and its behaviors do not have a method or closure named "redenPartial".' in C:\phpStudy\WWW\job\framework\base\CComponent.php:266
Stack trace:
#0 C:\phpStudy\WWW\job\main\protected\controllers\IndexController.php(11): CComponent->__call('redenPartial', Array)
#1 C:\phpStudy\WWW\job\main\protected\controllers\IndexController.php(11): IndexController->redenPartial('index')
#2 C:\phpStudy\WWW\job\framework\web\actions\CInlineAction.php(49): IndexController->actionIndex()
#3 C:\phpStudy\WWW\job\framework\web\CController.php(308): CInlineAction->runWithParams(Array)
#4 C:\phpStudy\WWW\job\framework\web\CController.php(286): CController->runAction(Object(CInlineAction))
#5 C:\phpStudy\WWW\job\framework\web\CController.php(265): CController->runActionWithFilters(Object(CInlineAction), Array)
#6 C:\phpStudy\WWW\job\framework\web\CWebApplication.php(282): CController->run('')
#7 C:\phpStudy\WWW\job\framework\web\CWebApplication.php(141): CWebApplication->runController('')
#8 C:\phpStudy\WWW\job\framework\base\CApplication.php(185): CWebApplication->processRequest()
#9 C:\phpStudy\WWW\job\main\index.php(13): CApplication->run()
#10 {main}
REQUEST_URI=/job/main/index.php
---
2017/03/06 17:08:14 [error] [exception.CException] exception 'CException' with message 'IndexController and its behaviors do not have a method or closure named "reder".' in C:\phpStudy\WWW\job\framework\base\CComponent.php:266
Stack trace:
#0 C:\phpStudy\WWW\job\main\protected\controllers\IndexController.php(11): CComponent->__call('reder', Array)
#1 C:\phpStudy\WWW\job\main\protected\controllers\IndexController.php(11): IndexController->reder('index')
#2 C:\phpStudy\WWW\job\framework\web\actions\CInlineAction.php(49): IndexController->actionIndex()
#3 C:\phpStudy\WWW\job\framework\web\CController.php(308): CInlineAction->runWithParams(Array)
#4 C:\phpStudy\WWW\job\framework\web\CController.php(286): CController->runAction(Object(CInlineAction))
#5 C:\phpStudy\WWW\job\framework\web\CController.php(265): CController->runActionWithFilters(Object(CInlineAction), Array)
#6 C:\phpStudy\WWW\job\framework\web\CWebApplication.php(282): CController->run('')
#7 C:\phpStudy\WWW\job\framework\web\CWebApplication.php(141): CWebApplication->runController('')
#8 C:\phpStudy\WWW\job\framework\base\CApplication.php(185): CWebApplication->processRequest()
#9 C:\phpStudy\WWW\job\main\index.php(13): CApplication->run()
#10 {main}
REQUEST_URI=/job/main/index.php
---
2017/03/06 17:08:14 [error] [exception.CException] exception 'CException' with message 'IndexController and its behaviors do not have a method or closure named "reder".' in C:\phpStudy\WWW\job\framework\base\CComponent.php:266
Stack trace:
#0 C:\phpStudy\WWW\job\main\protected\controllers\IndexController.php(11): CComponent->__call('reder', Array)
#1 C:\phpStudy\WWW\job\main\protected\controllers\IndexController.php(11): IndexController->reder('index')
#2 C:\phpStudy\WWW\job\framework\web\actions\CInlineAction.php(49): IndexController->actionIndex()
#3 C:\phpStudy\WWW\job\framework\web\CController.php(308): CInlineAction->runWithParams(Array)
#4 C:\phpStudy\WWW\job\framework\web\CController.php(286): CController->runAction(Object(CInlineAction))
#5 C:\phpStudy\WWW\job\framework\web\CController.php(265): CController->runActionWithFilters(Object(CInlineAction), Array)
#6 C:\phpStudy\WWW\job\framework\web\CWebApplication.php(282): CController->run('')
#7 C:\phpStudy\WWW\job\framework\web\CWebApplication.php(141): CWebApplication->runController('')
#8 C:\phpStudy\WWW\job\framework\base\CApplication.php(185): CWebApplication->processRequest()
#9 C:\phpStudy\WWW\job\main\index.php(13): CApplication->run()
#10 {main}
REQUEST_URI=/job/main/index.php
---
2017/03/06 17:08:15 [error] [exception.CException] exception 'CException' with message 'IndexController and its behaviors do not have a method or closure named "reder".' in C:\phpStudy\WWW\job\framework\base\CComponent.php:266
Stack trace:
#0 C:\phpStudy\WWW\job\main\protected\controllers\IndexController.php(11): CComponent->__call('reder', Array)
#1 C:\phpStudy\WWW\job\main\protected\controllers\IndexController.php(11): IndexController->reder('index')
#2 C:\phpStudy\WWW\job\framework\web\actions\CInlineAction.php(49): IndexController->actionIndex()
#3 C:\phpStudy\WWW\job\framework\web\CController.php(308): CInlineAction->runWithParams(Array)
#4 C:\phpStudy\WWW\job\framework\web\CController.php(286): CController->runAction(Object(CInlineAction))
#5 C:\phpStudy\WWW\job\framework\web\CController.php(265): CController->runActionWithFilters(Object(CInlineAction), Array)
#6 C:\phpStudy\WWW\job\framework\web\CWebApplication.php(282): CController->run('')
#7 C:\phpStudy\WWW\job\framework\web\CWebApplication.php(141): CWebApplication->runController('')
#8 C:\phpStudy\WWW\job\framework\base\CApplication.php(185): CWebApplication->processRequest()
#9 C:\phpStudy\WWW\job\main\index.php(13): CApplication->run()
#10 {main}
REQUEST_URI=/job/main/index.php
---
2017/03/06 17:08:15 [error] [exception.CException] exception 'CException' with message 'IndexController and its behaviors do not have a method or closure named "reder".' in C:\phpStudy\WWW\job\framework\base\CComponent.php:266
Stack trace:
#0 C:\phpStudy\WWW\job\main\protected\controllers\IndexController.php(11): CComponent->__call('reder', Array)
#1 C:\phpStudy\WWW\job\main\protected\controllers\IndexController.php(11): IndexController->reder('index')
#2 C:\phpStudy\WWW\job\framework\web\actions\CInlineAction.php(49): IndexController->actionIndex()
#3 C:\phpStudy\WWW\job\framework\web\CController.php(308): CInlineAction->runWithParams(Array)
#4 C:\phpStudy\WWW\job\framework\web\CController.php(286): CController->runAction(Object(CInlineAction))
#5 C:\phpStudy\WWW\job\framework\web\CController.php(265): CController->runActionWithFilters(Object(CInlineAction), Array)
#6 C:\phpStudy\WWW\job\framework\web\CWebApplication.php(282): CController->run('')
#7 C:\phpStudy\WWW\job\framework\web\CWebApplication.php(141): CWebApplication->runController('')
#8 C:\phpStudy\WWW\job\framework\base\CApplication.php(185): CWebApplication->processRequest()
#9 C:\phpStudy\WWW\job\main\index.php(13): CApplication->run()
#10 {main}
REQUEST_URI=/job/main/index.php
---
2017/03/06 17:08:53 [error] [exception.CException] exception 'CException' with message 'IndexController cannot find the requested view "index".' in C:\phpStudy\WWW\job\framework\web\CController.php:878
Stack trace:
#0 C:\phpStudy\WWW\job\framework\web\CController.php(782): CController->renderPartial('index', NULL, true)
#1 C:\phpStudy\WWW\job\main\protected\controllers\IndexController.php(11): CController->render('index')
#2 C:\phpStudy\WWW\job\framework\web\actions\CInlineAction.php(49): IndexController->actionIndex()
#3 C:\phpStudy\WWW\job\framework\web\CController.php(308): CInlineAction->runWithParams(Array)
#4 C:\phpStudy\WWW\job\framework\web\CController.php(286): CController->runAction(Object(CInlineAction))
#5 C:\phpStudy\WWW\job\framework\web\CController.php(265): CController->runActionWithFilters(Object(CInlineAction), Array)
#6 C:\phpStudy\WWW\job\framework\web\CWebApplication.php(282): CController->run('')
#7 C:\phpStudy\WWW\job\framework\web\CWebApplication.php(141): CWebApplication->runController('')
#8 C:\phpStudy\WWW\job\framework\base\CApplication.php(185): CWebApplication->processRequest()
#9 C:\phpStudy\WWW\job\main\index.php(13): CApplication->run()
#10 {main}
REQUEST_URI=/job/main/index.php
---
2017/03/06 17:08:54 [error] [exception.CException] exception 'CException' with message 'IndexController cannot find the requested view "index".' in C:\phpStudy\WWW\job\framework\web\CController.php:878
Stack trace:
#0 C:\phpStudy\WWW\job\framework\web\CController.php(782): CController->renderPartial('index', NULL, true)
#1 C:\phpStudy\WWW\job\main\protected\controllers\IndexController.php(11): CController->render('index')
#2 C:\phpStudy\WWW\job\framework\web\actions\CInlineAction.php(49): IndexController->actionIndex()
#3 C:\phpStudy\WWW\job\framework\web\CController.php(308): CInlineAction->runWithParams(Array)
#4 C:\phpStudy\WWW\job\framework\web\CController.php(286): CController->runAction(Object(CInlineAction))
#5 C:\phpStudy\WWW\job\framework\web\CController.php(265): CController->runActionWithFilters(Object(CInlineAction), Array)
#6 C:\phpStudy\WWW\job\framework\web\CWebApplication.php(282): CController->run('')
#7 C:\phpStudy\WWW\job\framework\web\CWebApplication.php(141): CWebApplication->runController('')
#8 C:\phpStudy\WWW\job\framework\base\CApplication.php(185): CWebApplication->processRequest()
#9 C:\phpStudy\WWW\job\main\index.php(13): CApplication->run()
#10 {main}
REQUEST_URI=/job/main/index.php
---
2017/03/06 17:08:54 [error] [exception.CException] exception 'CException' with message 'IndexController cannot find the requested view "index".' in C:\phpStudy\WWW\job\framework\web\CController.php:878
Stack trace:
#0 C:\phpStudy\WWW\job\framework\web\CController.php(782): CController->renderPartial('index', NULL, true)
#1 C:\phpStudy\WWW\job\main\protected\controllers\IndexController.php(11): CController->render('index')
#2 C:\phpStudy\WWW\job\framework\web\actions\CInlineAction.php(49): IndexController->actionIndex()
#3 C:\phpStudy\WWW\job\framework\web\CController.php(308): CInlineAction->runWithParams(Array)
#4 C:\phpStudy\WWW\job\framework\web\CController.php(286): CController->runAction(Object(CInlineAction))
#5 C:\phpStudy\WWW\job\framework\web\CController.php(265): CController->runActionWithFilters(Object(CInlineAction), Array)
#6 C:\phpStudy\WWW\job\framework\web\CWebApplication.php(282): CController->run('')
#7 C:\phpStudy\WWW\job\framework\web\CWebApplication.php(141): CWebApplication->runController('')
#8 C:\phpStudy\WWW\job\framework\base\CApplication.php(185): CWebApplication->processRequest()
#9 C:\phpStudy\WWW\job\main\index.php(13): CApplication->run()
#10 {main}
REQUEST_URI=/job/main/index.php
---
2017/03/06 17:08:54 [error] [exception.CException] exception 'CException' with message 'IndexController cannot find the requested view "index".' in C:\phpStudy\WWW\job\framework\web\CController.php:878
Stack trace:
#0 C:\phpStudy\WWW\job\framework\web\CController.php(782): CController->renderPartial('index', NULL, true)
#1 C:\phpStudy\WWW\job\main\protected\controllers\IndexController.php(11): CController->render('index')
#2 C:\phpStudy\WWW\job\framework\web\actions\CInlineAction.php(49): IndexController->actionIndex()
#3 C:\phpStudy\WWW\job\framework\web\CController.php(308): CInlineAction->runWithParams(Array)
#4 C:\phpStudy\WWW\job\framework\web\CController.php(286): CController->runAction(Object(CInlineAction))
#5 C:\phpStudy\WWW\job\framework\web\CController.php(265): CController->runActionWithFilters(Object(CInlineAction), Array)
#6 C:\phpStudy\WWW\job\framework\web\CWebApplication.php(282): CController->run('')
#7 C:\phpStudy\WWW\job\framework\web\CWebApplication.php(141): CWebApplication->runController('')
#8 C:\phpStudy\WWW\job\framework\base\CApplication.php(185): CWebApplication->processRequest()
#9 C:\phpStudy\WWW\job\main\index.php(13): CApplication->run()
#10 {main}
REQUEST_URI=/job/main/index.php
---
2017/03/06 17:10:11 [error] [exception.CException] exception 'CException' with message 'IndexController cannot find the requested view "index".' in C:\phpStudy\WWW\job\framework\web\CController.php:878
Stack trace:
#0 C:\phpStudy\WWW\job\framework\web\CController.php(782): CController->renderPartial('index', NULL, true)
#1 C:\phpStudy\WWW\job\main\protected\controllers\IndexController.php(11): CController->render('index')
#2 C:\phpStudy\WWW\job\framework\web\actions\CInlineAction.php(49): IndexController->actionIndex()
#3 C:\phpStudy\WWW\job\framework\web\CController.php(308): CInlineAction->runWithParams(Array)
#4 C:\phpStudy\WWW\job\framework\web\CController.php(286): CController->runAction(Object(CInlineAction))
#5 C:\phpStudy\WWW\job\framework\web\CController.php(265): CController->runActionWithFilters(Object(CInlineAction), Array)
#6 C:\phpStudy\WWW\job\framework\web\CWebApplication.php(282): CController->run('')
#7 C:\phpStudy\WWW\job\framework\web\CWebApplication.php(141): CWebApplication->runController('')
#8 C:\phpStudy\WWW\job\framework\base\CApplication.php(185): CWebApplication->processRequest()
#9 C:\phpStudy\WWW\job\main\index.php(13): CApplication->run()
#10 {main}
REQUEST_URI=/job/main/index.php
---
2017/03/06 17:10:11 [error] [exception.CException] exception 'CException' with message 'IndexController cannot find the requested view "index".' in C:\phpStudy\WWW\job\framework\web\CController.php:878
Stack trace:
#0 C:\phpStudy\WWW\job\framework\web\CController.php(782): CController->renderPartial('index', NULL, true)
#1 C:\phpStudy\WWW\job\main\protected\controllers\IndexController.php(11): CController->render('index')
#2 C:\phpStudy\WWW\job\framework\web\actions\CInlineAction.php(49): IndexController->actionIndex()
#3 C:\phpStudy\WWW\job\framework\web\CController.php(308): CInlineAction->runWithParams(Array)
#4 C:\phpStudy\WWW\job\framework\web\CController.php(286): CController->runAction(Object(CInlineAction))
#5 C:\phpStudy\WWW\job\framework\web\CController.php(265): CController->runActionWithFilters(Object(CInlineAction), Array)
#6 C:\phpStudy\WWW\job\framework\web\CWebApplication.php(282): CController->run('')
#7 C:\phpStudy\WWW\job\framework\web\CWebApplication.php(141): CWebApplication->runController('')
#8 C:\phpStudy\WWW\job\framework\base\CApplication.php(185): CWebApplication->processRequest()
#9 C:\phpStudy\WWW\job\main\index.php(13): CApplication->run()
#10 {main}
REQUEST_URI=/job/main/index.php
---
2017/03/06 17:10:12 [error] [exception.CException] exception 'CException' with message 'IndexController cannot find the requested view "index".' in C:\phpStudy\WWW\job\framework\web\CController.php:878
Stack trace:
#0 C:\phpStudy\WWW\job\framework\web\CController.php(782): CController->renderPartial('index', NULL, true)
#1 C:\phpStudy\WWW\job\main\protected\controllers\IndexController.php(11): CController->render('index')
#2 C:\phpStudy\WWW\job\framework\web\actions\CInlineAction.php(49): IndexController->actionIndex()
#3 C:\phpStudy\WWW\job\framework\web\CController.php(308): CInlineAction->runWithParams(Array)
#4 C:\phpStudy\WWW\job\framework\web\CController.php(286): CController->runAction(Object(CInlineAction))
#5 C:\phpStudy\WWW\job\framework\web\CController.php(265): CController->runActionWithFilters(Object(CInlineAction), Array)
#6 C:\phpStudy\WWW\job\framework\web\CWebApplication.php(282): CController->run('')
#7 C:\phpStudy\WWW\job\framework\web\CWebApplication.php(141): CWebApplication->runController('')
#8 C:\phpStudy\WWW\job\framework\base\CApplication.php(185): CWebApplication->processRequest()
#9 C:\phpStudy\WWW\job\main\index.php(13): CApplication->run()
#10 {main}
REQUEST_URI=/job/main/index.php
---
2017/03/06 17:10:12 [error] [exception.CException] exception 'CException' with message 'IndexController cannot find the requested view "index".' in C:\phpStudy\WWW\job\framework\web\CController.php:878
Stack trace:
#0 C:\phpStudy\WWW\job\framework\web\CController.php(782): CController->renderPartial('index', NULL, true)
#1 C:\phpStudy\WWW\job\main\protected\controllers\IndexController.php(11): CController->render('index')
#2 C:\phpStudy\WWW\job\framework\web\actions\CInlineAction.php(49): IndexController->actionIndex()
#3 C:\phpStudy\WWW\job\framework\web\CController.php(308): CInlineAction->runWithParams(Array)
#4 C:\phpStudy\WWW\job\framework\web\CController.php(286): CController->runAction(Object(CInlineAction))
#5 C:\phpStudy\WWW\job\framework\web\CController.php(265): CController->runActionWithFilters(Object(CInlineAction), Array)
#6 C:\phpStudy\WWW\job\framework\web\CWebApplication.php(282): CController->run('')
#7 C:\phpStudy\WWW\job\framework\web\CWebApplication.php(141): CWebApplication->runController('')
#8 C:\phpStudy\WWW\job\framework\base\CApplication.php(185): CWebApplication->processRequest()
#9 C:\phpStudy\WWW\job\main\index.php(13): CApplication->run()
#10 {main}
REQUEST_URI=/job/main/index.php
---
