2017/03/02 13:27:48 [error] [php] date(): It is not safe to rely on the system's timezone settings. You are *required* to use the date.timezone setting or the date_default_timezone_set() function. In case you used any of those methods and you are still getting this warning, you most likely misspelled the timezone identifier. We selected the timezone 'UTC' for now, but please set date.timezone to select your timezone. (C:\phpStudy\WWW\yii\yiis\protected\views\layouts\main.php:51)
Stack trace:
#0 C:\phpStudy\WWW\yii\framework\web\CBaseController.php(95): SiteController->renderInternal()
#1 C:\phpStudy\WWW\yii\framework\web\widgets\CContentDecorator.php(76): SiteController->renderFile()
#2 C:\phpStudy\WWW\yii\framework\web\widgets\CContentDecorator.php(54): CContentDecorator->decorate()
#3 C:\phpStudy\WWW\yii\framework\web\widgets\COutputProcessor.php(44): CContentDecorator->processOutput()
#4 C:\phpStudy\WWW\yii\framework\web\CBaseController.php(214): CContentDecorator->run()
#5 C:\phpStudy\WWW\yii\framework\web\CBaseController.php(308): SiteController->endWidget()
#6 C:\phpStudy\WWW\yii\yiis\protected\views\layouts\column1.php(6): SiteController->endContent()
#7 C:\phpStudy\WWW\yii\framework\web\CBaseController.php(126): require()
#8 C:\phpStudy\WWW\yii\framework\web\CBaseController.php(95): SiteController->renderInternal()
#9 C:\phpStudy\WWW\yii\framework\web\CController.php(784): SiteController->renderFile()
#10 C:\phpStudy\WWW\yii\yiis\protected\controllers\SiteController.php(32): SiteController->render()
#11 C:\phpStudy\WWW\yii\framework\web\actions\CInlineAction.php(49): SiteController->actionIndex()
#12 C:\phpStudy\WWW\yii\framework\web\CController.php(308): CInlineAction->runWithParams()
#13 C:\phpStudy\WWW\yii\framework\web\CController.php(286): SiteController->runAction()
#14 C:\phpStudy\WWW\yii\framework\web\CController.php(265): SiteController->runActionWithFilters()
#15 C:\phpStudy\WWW\yii\framework\web\CWebApplication.php(282): SiteController->run()
#16 C:\phpStudy\WWW\yii\framework\web\CWebApplication.php(141): CWebApplication->runController()
#17 C:\phpStudy\WWW\yii\framework\base\CApplication.php(185): CWebApplication->processRequest()
#18 C:\phpStudy\WWW\yii\yiis\index.php(13): CWebApplication->run()
REQUEST_URI=/yii/yiis/
in C:\phpStudy\WWW\yii\yiis\protected\views\layouts\main.php (51)
in C:\phpStudy\WWW\yii\yiis\protected\views\layouts\column1.php (6)
in C:\phpStudy\WWW\yii\yiis\protected\controllers\SiteController.php (32)
2017/03/02 13:30:29 [error] [php] date(): It is not safe to rely on the system's timezone settings. You are *required* to use the date.timezone setting or the date_default_timezone_set() function. In case you used any of those methods and you are still getting this warning, you most likely misspelled the timezone identifier. We selected the timezone 'UTC' for now, but please set date.timezone to select your timezone. (C:\phpStudy\WWW\yii\yiis\protected\views\layouts\main.php:51)
Stack trace:
#0 C:\phpStudy\WWW\yii\framework\web\CBaseController.php(95): SiteController->renderInternal()
#1 C:\phpStudy\WWW\yii\framework\web\widgets\CContentDecorator.php(76): SiteController->renderFile()
#2 C:\phpStudy\WWW\yii\framework\web\widgets\CContentDecorator.php(54): CContentDecorator->decorate()
#3 C:\phpStudy\WWW\yii\framework\web\widgets\COutputProcessor.php(44): CContentDecorator->processOutput()
#4 C:\phpStudy\WWW\yii\framework\web\CBaseController.php(214): CContentDecorator->run()
#5 C:\phpStudy\WWW\yii\framework\web\CBaseController.php(308): SiteController->endWidget()
#6 C:\phpStudy\WWW\yii\yiis\protected\views\layouts\column1.php(6): SiteController->endContent()
#7 C:\phpStudy\WWW\yii\framework\web\CBaseController.php(126): require()
#8 C:\phpStudy\WWW\yii\framework\web\CBaseController.php(95): SiteController->renderInternal()
#9 C:\phpStudy\WWW\yii\framework\web\CController.php(784): SiteController->renderFile()
#10 C:\phpStudy\WWW\yii\yiis\protected\controllers\SiteController.php(32): SiteController->render()
#11 C:\phpStudy\WWW\yii\framework\web\actions\CInlineAction.php(49): SiteController->actionIndex()
#12 C:\phpStudy\WWW\yii\framework\web\CController.php(308): CInlineAction->runWithParams()
#13 C:\phpStudy\WWW\yii\framework\web\CController.php(286): SiteController->runAction()
#14 C:\phpStudy\WWW\yii\framework\web\CController.php(265): SiteController->runActionWithFilters()
#15 C:\phpStudy\WWW\yii\framework\web\CWebApplication.php(282): SiteController->run()
#16 C:\phpStudy\WWW\yii\framework\web\CWebApplication.php(141): CWebApplication->runController()
#17 C:\phpStudy\WWW\yii\framework\base\CApplication.php(185): CWebApplication->processRequest()
#18 C:\phpStudy\WWW\yii\yiis\index.php(13): CWebApplication->run()
REQUEST_URI=/yii/yiis/
in C:\phpStudy\WWW\yii\yiis\protected\views\layouts\main.php (51)
in C:\phpStudy\WWW\yii\yiis\protected\views\layouts\column1.php (6)
in C:\phpStudy\WWW\yii\yiis\protected\controllers\SiteController.php (32)
2017/03/02 13:30:31 [error] [php] date(): It is not safe to rely on the system's timezone settings. You are *required* to use the date.timezone setting or the date_default_timezone_set() function. In case you used any of those methods and you are still getting this warning, you most likely misspelled the timezone identifier. We selected the timezone 'UTC' for now, but please set date.timezone to select your timezone. (C:\phpStudy\WWW\yii\yiis\protected\views\layouts\main.php:51)
Stack trace:
#0 C:\phpStudy\WWW\yii\framework\web\CBaseController.php(95): SiteController->renderInternal()
#1 C:\phpStudy\WWW\yii\framework\web\widgets\CContentDecorator.php(76): SiteController->renderFile()
#2 C:\phpStudy\WWW\yii\framework\web\widgets\CContentDecorator.php(54): CContentDecorator->decorate()
#3 C:\phpStudy\WWW\yii\framework\web\widgets\COutputProcessor.php(44): CContentDecorator->processOutput()
#4 C:\phpStudy\WWW\yii\framework\web\CBaseController.php(214): CContentDecorator->run()
#5 C:\phpStudy\WWW\yii\framework\web\CBaseController.php(308): SiteController->endWidget()
#6 C:\phpStudy\WWW\yii\yiis\protected\views\layouts\column1.php(6): SiteController->endContent()
#7 C:\phpStudy\WWW\yii\framework\web\CBaseController.php(126): require()
#8 C:\phpStudy\WWW\yii\framework\web\CBaseController.php(95): SiteController->renderInternal()
#9 C:\phpStudy\WWW\yii\framework\web\CController.php(784): SiteController->renderFile()
#10 C:\phpStudy\WWW\yii\yiis\protected\controllers\SiteController.php(32): SiteController->render()
#11 C:\phpStudy\WWW\yii\framework\web\actions\CInlineAction.php(49): SiteController->actionIndex()
#12 C:\phpStudy\WWW\yii\framework\web\CController.php(308): CInlineAction->runWithParams()
#13 C:\phpStudy\WWW\yii\framework\web\CController.php(286): SiteController->runAction()
#14 C:\phpStudy\WWW\yii\framework\web\CController.php(265): SiteController->runActionWithFilters()
#15 C:\phpStudy\WWW\yii\framework\web\CWebApplication.php(282): SiteController->run()
#16 C:\phpStudy\WWW\yii\framework\web\CWebApplication.php(141): CWebApplication->runController()
#17 C:\phpStudy\WWW\yii\framework\base\CApplication.php(185): CWebApplication->processRequest()
#18 C:\phpStudy\WWW\yii\yiis\index.php(13): CWebApplication->run()
REQUEST_URI=/yii/yiis/
in C:\phpStudy\WWW\yii\yiis\protected\views\layouts\main.php (51)
in C:\phpStudy\WWW\yii\yiis\protected\views\layouts\column1.php (6)
in C:\phpStudy\WWW\yii\yiis\protected\controllers\SiteController.php (32)
2017/03/02 13:30:32 [error] [php] date(): It is not safe to rely on the system's timezone settings. You are *required* to use the date.timezone setting or the date_default_timezone_set() function. In case you used any of those methods and you are still getting this warning, you most likely misspelled the timezone identifier. We selected the timezone 'UTC' for now, but please set date.timezone to select your timezone. (C:\phpStudy\WWW\yii\yiis\protected\views\layouts\main.php:51)
Stack trace:
#0 C:\phpStudy\WWW\yii\framework\web\CBaseController.php(95): SiteController->renderInternal()
#1 C:\phpStudy\WWW\yii\framework\web\widgets\CContentDecorator.php(76): SiteController->renderFile()
#2 C:\phpStudy\WWW\yii\framework\web\widgets\CContentDecorator.php(54): CContentDecorator->decorate()
#3 C:\phpStudy\WWW\yii\framework\web\widgets\COutputProcessor.php(44): CContentDecorator->processOutput()
#4 C:\phpStudy\WWW\yii\framework\web\CBaseController.php(214): CContentDecorator->run()
#5 C:\phpStudy\WWW\yii\framework\web\CBaseController.php(308): SiteController->endWidget()
#6 C:\phpStudy\WWW\yii\yiis\protected\views\layouts\column1.php(6): SiteController->endContent()
#7 C:\phpStudy\WWW\yii\framework\web\CBaseController.php(126): require()
#8 C:\phpStudy\WWW\yii\framework\web\CBaseController.php(95): SiteController->renderInternal()
#9 C:\phpStudy\WWW\yii\framework\web\CController.php(784): SiteController->renderFile()
#10 C:\phpStudy\WWW\yii\yiis\protected\controllers\SiteController.php(32): SiteController->render()
#11 C:\phpStudy\WWW\yii\framework\web\actions\CInlineAction.php(49): SiteController->actionIndex()
#12 C:\phpStudy\WWW\yii\framework\web\CController.php(308): CInlineAction->runWithParams()
#13 C:\phpStudy\WWW\yii\framework\web\CController.php(286): SiteController->runAction()
#14 C:\phpStudy\WWW\yii\framework\web\CController.php(265): SiteController->runActionWithFilters()
#15 C:\phpStudy\WWW\yii\framework\web\CWebApplication.php(282): SiteController->run()
#16 C:\phpStudy\WWW\yii\framework\web\CWebApplication.php(141): CWebApplication->runController()
#17 C:\phpStudy\WWW\yii\framework\base\CApplication.php(185): CWebApplication->processRequest()
#18 C:\phpStudy\WWW\yii\yiis\index.php(13): CWebApplication->run()
REQUEST_URI=/yii/yiis/
in C:\phpStudy\WWW\yii\yiis\protected\views\layouts\main.php (51)
in C:\phpStudy\WWW\yii\yiis\protected\views\layouts\column1.php (6)
in C:\phpStudy\WWW\yii\yiis\protected\controllers\SiteController.php (32)
2017/03/02 13:30:40 [error] [php] date(): It is not safe to rely on the system's timezone settings. You are *required* to use the date.timezone setting or the date_default_timezone_set() function. In case you used any of those methods and you are still getting this warning, you most likely misspelled the timezone identifier. We selected the timezone 'UTC' for now, but please set date.timezone to select your timezone. (C:\phpStudy\WWW\yii\yiis\protected\views\layouts\main.php:51)
Stack trace:
#0 C:\phpStudy\WWW\yii\framework\web\CBaseController.php(95): SiteController->renderInternal()
#1 C:\phpStudy\WWW\yii\framework\web\widgets\CContentDecorator.php(76): SiteController->renderFile()
#2 C:\phpStudy\WWW\yii\framework\web\widgets\CContentDecorator.php(54): CContentDecorator->decorate()
#3 C:\phpStudy\WWW\yii\framework\web\widgets\COutputProcessor.php(44): CContentDecorator->processOutput()
#4 C:\phpStudy\WWW\yii\framework\web\CBaseController.php(214): CContentDecorator->run()
#5 C:\phpStudy\WWW\yii\framework\web\CBaseController.php(308): SiteController->endWidget()
#6 C:\phpStudy\WWW\yii\yiis\protected\views\layouts\column1.php(6): SiteController->endContent()
#7 C:\phpStudy\WWW\yii\framework\web\CBaseController.php(126): require()
#8 C:\phpStudy\WWW\yii\framework\web\CBaseController.php(95): SiteController->renderInternal()
#9 C:\phpStudy\WWW\yii\framework\web\CController.php(784): SiteController->renderFile()
#10 C:\phpStudy\WWW\yii\yiis\protected\controllers\SiteController.php(32): SiteController->render()
#11 C:\phpStudy\WWW\yii\framework\web\actions\CInlineAction.php(49): SiteController->actionIndex()
#12 C:\phpStudy\WWW\yii\framework\web\CController.php(308): CInlineAction->runWithParams()
#13 C:\phpStudy\WWW\yii\framework\web\CController.php(286): SiteController->runAction()
#14 C:\phpStudy\WWW\yii\framework\web\CController.php(265): SiteController->runActionWithFilters()
#15 C:\phpStudy\WWW\yii\framework\web\CWebApplication.php(282): SiteController->run()
#16 C:\phpStudy\WWW\yii\framework\web\CWebApplication.php(141): CWebApplication->runController()
#17 C:\phpStudy\WWW\yii\framework\base\CApplication.php(185): CWebApplication->processRequest()
#18 C:\phpStudy\WWW\yii\yiis\index.php(13): CWebApplication->run()
REQUEST_URI=/yii/yiis/
in C:\phpStudy\WWW\yii\yiis\protected\views\layouts\main.php (51)
in C:\phpStudy\WWW\yii\yiis\protected\views\layouts\column1.php (6)
in C:\phpStudy\WWW\yii\yiis\protected\controllers\SiteController.php (32)
2017/03/02 13:30:41 [error] [php] date(): It is not safe to rely on the system's timezone settings. You are *required* to use the date.timezone setting or the date_default_timezone_set() function. In case you used any of those methods and you are still getting this warning, you most likely misspelled the timezone identifier. We selected the timezone 'UTC' for now, but please set date.timezone to select your timezone. (C:\phpStudy\WWW\yii\yiis\protected\views\layouts\main.php:51)
Stack trace:
#0 C:\phpStudy\WWW\yii\framework\web\CBaseController.php(95): SiteController->renderInternal()
#1 C:\phpStudy\WWW\yii\framework\web\widgets\CContentDecorator.php(76): SiteController->renderFile()
#2 C:\phpStudy\WWW\yii\framework\web\widgets\CContentDecorator.php(54): CContentDecorator->decorate()
#3 C:\phpStudy\WWW\yii\framework\web\widgets\COutputProcessor.php(44): CContentDecorator->processOutput()
#4 C:\phpStudy\WWW\yii\framework\web\CBaseController.php(214): CContentDecorator->run()
#5 C:\phpStudy\WWW\yii\framework\web\CBaseController.php(308): SiteController->endWidget()
#6 C:\phpStudy\WWW\yii\yiis\protected\views\layouts\column1.php(6): SiteController->endContent()
#7 C:\phpStudy\WWW\yii\framework\web\CBaseController.php(126): require()
#8 C:\phpStudy\WWW\yii\framework\web\CBaseController.php(95): SiteController->renderInternal()
#9 C:\phpStudy\WWW\yii\framework\web\CController.php(784): SiteController->renderFile()
#10 C:\phpStudy\WWW\yii\yiis\protected\controllers\SiteController.php(32): SiteController->render()
#11 C:\phpStudy\WWW\yii\framework\web\actions\CInlineAction.php(49): SiteController->actionIndex()
#12 C:\phpStudy\WWW\yii\framework\web\CController.php(308): CInlineAction->runWithParams()
#13 C:\phpStudy\WWW\yii\framework\web\CController.php(286): SiteController->runAction()
#14 C:\phpStudy\WWW\yii\framework\web\CController.php(265): SiteController->runActionWithFilters()
#15 C:\phpStudy\WWW\yii\framework\web\CWebApplication.php(282): SiteController->run()
#16 C:\phpStudy\WWW\yii\framework\web\CWebApplication.php(141): CWebApplication->runController()
#17 C:\phpStudy\WWW\yii\framework\base\CApplication.php(185): CWebApplication->processRequest()
#18 C:\phpStudy\WWW\yii\yiis\index.php(13): CWebApplication->run()
REQUEST_URI=/yii/yiis/
in C:\phpStudy\WWW\yii\yiis\protected\views\layouts\main.php (51)
in C:\phpStudy\WWW\yii\yiis\protected\views\layouts\column1.php (6)
in C:\phpStudy\WWW\yii\yiis\protected\controllers\SiteController.php (32)
2017/03/02 13:30:41 [error] [php] date(): It is not safe to rely on the system's timezone settings. You are *required* to use the date.timezone setting or the date_default_timezone_set() function. In case you used any of those methods and you are still getting this warning, you most likely misspelled the timezone identifier. We selected the timezone 'UTC' for now, but please set date.timezone to select your timezone. (C:\phpStudy\WWW\yii\yiis\protected\views\layouts\main.php:51)
Stack trace:
#0 C:\phpStudy\WWW\yii\framework\web\CBaseController.php(95): SiteController->renderInternal()
#1 C:\phpStudy\WWW\yii\framework\web\widgets\CContentDecorator.php(76): SiteController->renderFile()
#2 C:\phpStudy\WWW\yii\framework\web\widgets\CContentDecorator.php(54): CContentDecorator->decorate()
#3 C:\phpStudy\WWW\yii\framework\web\widgets\COutputProcessor.php(44): CContentDecorator->processOutput()
#4 C:\phpStudy\WWW\yii\framework\web\CBaseController.php(214): CContentDecorator->run()
#5 C:\phpStudy\WWW\yii\framework\web\CBaseController.php(308): SiteController->endWidget()
#6 C:\phpStudy\WWW\yii\yiis\protected\views\layouts\column1.php(6): SiteController->endContent()
#7 C:\phpStudy\WWW\yii\framework\web\CBaseController.php(126): require()
#8 C:\phpStudy\WWW\yii\framework\web\CBaseController.php(95): SiteController->renderInternal()
#9 C:\phpStudy\WWW\yii\framework\web\CController.php(784): SiteController->renderFile()
#10 C:\phpStudy\WWW\yii\yiis\protected\controllers\SiteController.php(32): SiteController->render()
#11 C:\phpStudy\WWW\yii\framework\web\actions\CInlineAction.php(49): SiteController->actionIndex()
#12 C:\phpStudy\WWW\yii\framework\web\CController.php(308): CInlineAction->runWithParams()
#13 C:\phpStudy\WWW\yii\framework\web\CController.php(286): SiteController->runAction()
#14 C:\phpStudy\WWW\yii\framework\web\CController.php(265): SiteController->runActionWithFilters()
#15 C:\phpStudy\WWW\yii\framework\web\CWebApplication.php(282): SiteController->run()
#16 C:\phpStudy\WWW\yii\framework\web\CWebApplication.php(141): CWebApplication->runController()
#17 C:\phpStudy\WWW\yii\framework\base\CApplication.php(185): CWebApplication->processRequest()
#18 C:\phpStudy\WWW\yii\yiis\index.php(13): CWebApplication->run()
REQUEST_URI=/yii/yiis/
in C:\phpStudy\WWW\yii\yiis\protected\views\layouts\main.php (51)
in C:\phpStudy\WWW\yii\yiis\protected\views\layouts\column1.php (6)
in C:\phpStudy\WWW\yii\yiis\protected\controllers\SiteController.php (32)
2017/03/02 13:30:42 [error] [php] date(): It is not safe to rely on the system's timezone settings. You are *required* to use the date.timezone setting or the date_default_timezone_set() function. In case you used any of those methods and you are still getting this warning, you most likely misspelled the timezone identifier. We selected the timezone 'UTC' for now, but please set date.timezone to select your timezone. (C:\phpStudy\WWW\yii\yiis\protected\views\layouts\main.php:51)
Stack trace:
#0 C:\phpStudy\WWW\yii\framework\web\CBaseController.php(95): SiteController->renderInternal()
#1 C:\phpStudy\WWW\yii\framework\web\widgets\CContentDecorator.php(76): SiteController->renderFile()
#2 C:\phpStudy\WWW\yii\framework\web\widgets\CContentDecorator.php(54): CContentDecorator->decorate()
#3 C:\phpStudy\WWW\yii\framework\web\widgets\COutputProcessor.php(44): CContentDecorator->processOutput()
#4 C:\phpStudy\WWW\yii\framework\web\CBaseController.php(214): CContentDecorator->run()
#5 C:\phpStudy\WWW\yii\framework\web\CBaseController.php(308): SiteController->endWidget()
#6 C:\phpStudy\WWW\yii\yiis\protected\views\layouts\column1.php(6): SiteController->endContent()
#7 C:\phpStudy\WWW\yii\framework\web\CBaseController.php(126): require()
#8 C:\phpStudy\WWW\yii\framework\web\CBaseController.php(95): SiteController->renderInternal()
#9 C:\phpStudy\WWW\yii\framework\web\CController.php(784): SiteController->renderFile()
#10 C:\phpStudy\WWW\yii\yiis\protected\controllers\SiteController.php(32): SiteController->render()
#11 C:\phpStudy\WWW\yii\framework\web\actions\CInlineAction.php(49): SiteController->actionIndex()
#12 C:\phpStudy\WWW\yii\framework\web\CController.php(308): CInlineAction->runWithParams()
#13 C:\phpStudy\WWW\yii\framework\web\CController.php(286): SiteController->runAction()
#14 C:\phpStudy\WWW\yii\framework\web\CController.php(265): SiteController->runActionWithFilters()
#15 C:\phpStudy\WWW\yii\framework\web\CWebApplication.php(282): SiteController->run()
#16 C:\phpStudy\WWW\yii\framework\web\CWebApplication.php(141): CWebApplication->runController()
#17 C:\phpStudy\WWW\yii\framework\base\CApplication.php(185): CWebApplication->processRequest()
#18 C:\phpStudy\WWW\yii\yiis\index.php(13): CWebApplication->run()
REQUEST_URI=/yii/yiis/
in C:\phpStudy\WWW\yii\yiis\protected\views\layouts\main.php (51)
in C:\phpStudy\WWW\yii\yiis\protected\views\layouts\column1.php (6)
in C:\phpStudy\WWW\yii\yiis\protected\controllers\SiteController.php (32)
2017/03/02 13:30:42 [error] [php] date(): It is not safe to rely on the system's timezone settings. You are *required* to use the date.timezone setting or the date_default_timezone_set() function. In case you used any of those methods and you are still getting this warning, you most likely misspelled the timezone identifier. We selected the timezone 'UTC' for now, but please set date.timezone to select your timezone. (C:\phpStudy\WWW\yii\yiis\protected\views\layouts\main.php:51)
Stack trace:
#0 C:\phpStudy\WWW\yii\framework\web\CBaseController.php(95): SiteController->renderInternal()
#1 C:\phpStudy\WWW\yii\framework\web\widgets\CContentDecorator.php(76): SiteController->renderFile()
#2 C:\phpStudy\WWW\yii\framework\web\widgets\CContentDecorator.php(54): CContentDecorator->decorate()
#3 C:\phpStudy\WWW\yii\framework\web\widgets\COutputProcessor.php(44): CContentDecorator->processOutput()
#4 C:\phpStudy\WWW\yii\framework\web\CBaseController.php(214): CContentDecorator->run()
#5 C:\phpStudy\WWW\yii\framework\web\CBaseController.php(308): SiteController->endWidget()
#6 C:\phpStudy\WWW\yii\yiis\protected\views\layouts\column1.php(6): SiteController->endContent()
#7 C:\phpStudy\WWW\yii\framework\web\CBaseController.php(126): require()
#8 C:\phpStudy\WWW\yii\framework\web\CBaseController.php(95): SiteController->renderInternal()
#9 C:\phpStudy\WWW\yii\framework\web\CController.php(784): SiteController->renderFile()
#10 C:\phpStudy\WWW\yii\yiis\protected\controllers\SiteController.php(32): SiteController->render()
#11 C:\phpStudy\WWW\yii\framework\web\actions\CInlineAction.php(49): SiteController->actionIndex()
#12 C:\phpStudy\WWW\yii\framework\web\CController.php(308): CInlineAction->runWithParams()
#13 C:\phpStudy\WWW\yii\framework\web\CController.php(286): SiteController->runAction()
#14 C:\phpStudy\WWW\yii\framework\web\CController.php(265): SiteController->runActionWithFilters()
#15 C:\phpStudy\WWW\yii\framework\web\CWebApplication.php(282): SiteController->run()
#16 C:\phpStudy\WWW\yii\framework\web\CWebApplication.php(141): CWebApplication->runController()
#17 C:\phpStudy\WWW\yii\framework\base\CApplication.php(185): CWebApplication->processRequest()
#18 C:\phpStudy\WWW\yii\yiis\index.php(13): CWebApplication->run()
REQUEST_URI=/yii/yiis/
in C:\phpStudy\WWW\yii\yiis\protected\views\layouts\main.php (51)
in C:\phpStudy\WWW\yii\yiis\protected\views\layouts\column1.php (6)
in C:\phpStudy\WWW\yii\yiis\protected\controllers\SiteController.php (32)
2017/03/02 13:30:48 [error] [php] date(): It is not safe to rely on the system's timezone settings. You are *required* to use the date.timezone setting or the date_default_timezone_set() function. In case you used any of those methods and you are still getting this warning, you most likely misspelled the timezone identifier. We selected the timezone 'UTC' for now, but please set date.timezone to select your timezone. (C:\phpStudy\WWW\yii\yiis\protected\views\layouts\main.php:51)
Stack trace:
#0 C:\phpStudy\WWW\yii\framework\web\CBaseController.php(95): SiteController->renderInternal()
#1 C:\phpStudy\WWW\yii\framework\web\widgets\CContentDecorator.php(76): SiteController->renderFile()
#2 C:\phpStudy\WWW\yii\framework\web\widgets\CContentDecorator.php(54): CContentDecorator->decorate()
#3 C:\phpStudy\WWW\yii\framework\web\widgets\COutputProcessor.php(44): CContentDecorator->processOutput()
#4 C:\phpStudy\WWW\yii\framework\web\CBaseController.php(214): CContentDecorator->run()
#5 C:\phpStudy\WWW\yii\framework\web\CBaseController.php(308): SiteController->endWidget()
#6 C:\phpStudy\WWW\yii\yiis\protected\views\layouts\column1.php(6): SiteController->endContent()
#7 C:\phpStudy\WWW\yii\framework\web\CBaseController.php(126): require()
#8 C:\phpStudy\WWW\yii\framework\web\CBaseController.php(95): SiteController->renderInternal()
#9 C:\phpStudy\WWW\yii\framework\web\CController.php(784): SiteController->renderFile()
#10 C:\phpStudy\WWW\yii\yiis\protected\controllers\SiteController.php(32): SiteController->render()
#11 C:\phpStudy\WWW\yii\framework\web\actions\CInlineAction.php(49): SiteController->actionIndex()
#12 C:\phpStudy\WWW\yii\framework\web\CController.php(308): CInlineAction->runWithParams()
#13 C:\phpStudy\WWW\yii\framework\web\CController.php(286): SiteController->runAction()
#14 C:\phpStudy\WWW\yii\framework\web\CController.php(265): SiteController->runActionWithFilters()
#15 C:\phpStudy\WWW\yii\framework\web\CWebApplication.php(282): SiteController->run()
#16 C:\phpStudy\WWW\yii\framework\web\CWebApplication.php(141): CWebApplication->runController()
#17 C:\phpStudy\WWW\yii\framework\base\CApplication.php(185): CWebApplication->processRequest()
#18 C:\phpStudy\WWW\yii\yiis\index.php(13): CWebApplication->run()
REQUEST_URI=/yii/yiis/
in C:\phpStudy\WWW\yii\yiis\protected\views\layouts\main.php (51)
in C:\phpStudy\WWW\yii\yiis\protected\views\layouts\column1.php (6)
in C:\phpStudy\WWW\yii\yiis\protected\controllers\SiteController.php (32)
2017/03/02 13:30:49 [error] [php] date(): It is not safe to rely on the system's timezone settings. You are *required* to use the date.timezone setting or the date_default_timezone_set() function. In case you used any of those methods and you are still getting this warning, you most likely misspelled the timezone identifier. We selected the timezone 'UTC' for now, but please set date.timezone to select your timezone. (C:\phpStudy\WWW\yii\yiis\protected\views\layouts\main.php:51)
Stack trace:
#0 C:\phpStudy\WWW\yii\framework\web\CBaseController.php(95): SiteController->renderInternal()
#1 C:\phpStudy\WWW\yii\framework\web\widgets\CContentDecorator.php(76): SiteController->renderFile()
#2 C:\phpStudy\WWW\yii\framework\web\widgets\CContentDecorator.php(54): CContentDecorator->decorate()
#3 C:\phpStudy\WWW\yii\framework\web\widgets\COutputProcessor.php(44): CContentDecorator->processOutput()
#4 C:\phpStudy\WWW\yii\framework\web\CBaseController.php(214): CContentDecorator->run()
#5 C:\phpStudy\WWW\yii\framework\web\CBaseController.php(308): SiteController->endWidget()
#6 C:\phpStudy\WWW\yii\yiis\protected\views\layouts\column1.php(6): SiteController->endContent()
#7 C:\phpStudy\WWW\yii\framework\web\CBaseController.php(126): require()
#8 C:\phpStudy\WWW\yii\framework\web\CBaseController.php(95): SiteController->renderInternal()
#9 C:\phpStudy\WWW\yii\framework\web\CController.php(784): SiteController->renderFile()
#10 C:\phpStudy\WWW\yii\yiis\protected\controllers\SiteController.php(32): SiteController->render()
#11 C:\phpStudy\WWW\yii\framework\web\actions\CInlineAction.php(49): SiteController->actionIndex()
#12 C:\phpStudy\WWW\yii\framework\web\CController.php(308): CInlineAction->runWithParams()
#13 C:\phpStudy\WWW\yii\framework\web\CController.php(286): SiteController->runAction()
#14 C:\phpStudy\WWW\yii\framework\web\CController.php(265): SiteController->runActionWithFilters()
#15 C:\phpStudy\WWW\yii\framework\web\CWebApplication.php(282): SiteController->run()
#16 C:\phpStudy\WWW\yii\framework\web\CWebApplication.php(141): CWebApplication->runController()
#17 C:\phpStudy\WWW\yii\framework\base\CApplication.php(185): CWebApplication->processRequest()
#18 C:\phpStudy\WWW\yii\yiis\index.php(13): CWebApplication->run()
REQUEST_URI=/yii/yiis/
in C:\phpStudy\WWW\yii\yiis\protected\views\layouts\main.php (51)
in C:\phpStudy\WWW\yii\yiis\protected\views\layouts\column1.php (6)
in C:\phpStudy\WWW\yii\yiis\protected\controllers\SiteController.php (32)
2017/03/02 13:30:49 [error] [php] date(): It is not safe to rely on the system's timezone settings. You are *required* to use the date.timezone setting or the date_default_timezone_set() function. In case you used any of those methods and you are still getting this warning, you most likely misspelled the timezone identifier. We selected the timezone 'UTC' for now, but please set date.timezone to select your timezone. (C:\phpStudy\WWW\yii\yiis\protected\views\layouts\main.php:51)
Stack trace:
#0 C:\phpStudy\WWW\yii\framework\web\CBaseController.php(95): SiteController->renderInternal()
#1 C:\phpStudy\WWW\yii\framework\web\widgets\CContentDecorator.php(76): SiteController->renderFile()
#2 C:\phpStudy\WWW\yii\framework\web\widgets\CContentDecorator.php(54): CContentDecorator->decorate()
#3 C:\phpStudy\WWW\yii\framework\web\widgets\COutputProcessor.php(44): CContentDecorator->processOutput()
#4 C:\phpStudy\WWW\yii\framework\web\CBaseController.php(214): CContentDecorator->run()
#5 C:\phpStudy\WWW\yii\framework\web\CBaseController.php(308): SiteController->endWidget()
#6 C:\phpStudy\WWW\yii\yiis\protected\views\layouts\column1.php(6): SiteController->endContent()
#7 C:\phpStudy\WWW\yii\framework\web\CBaseController.php(126): require()
#8 C:\phpStudy\WWW\yii\framework\web\CBaseController.php(95): SiteController->renderInternal()
#9 C:\phpStudy\WWW\yii\framework\web\CController.php(784): SiteController->renderFile()
#10 C:\phpStudy\WWW\yii\yiis\protected\controllers\SiteController.php(32): SiteController->render()
#11 C:\phpStudy\WWW\yii\framework\web\actions\CInlineAction.php(49): SiteController->actionIndex()
#12 C:\phpStudy\WWW\yii\framework\web\CController.php(308): CInlineAction->runWithParams()
#13 C:\phpStudy\WWW\yii\framework\web\CController.php(286): SiteController->runAction()
#14 C:\phpStudy\WWW\yii\framework\web\CController.php(265): SiteController->runActionWithFilters()
#15 C:\phpStudy\WWW\yii\framework\web\CWebApplication.php(282): SiteController->run()
#16 C:\phpStudy\WWW\yii\framework\web\CWebApplication.php(141): CWebApplication->runController()
#17 C:\phpStudy\WWW\yii\framework\base\CApplication.php(185): CWebApplication->processRequest()
#18 C:\phpStudy\WWW\yii\yiis\index.php(13): CWebApplication->run()
REQUEST_URI=/yii/yiis/
in C:\phpStudy\WWW\yii\yiis\protected\views\layouts\main.php (51)
in C:\phpStudy\WWW\yii\yiis\protected\views\layouts\column1.php (6)
in C:\phpStudy\WWW\yii\yiis\protected\controllers\SiteController.php (32)
2017/03/02 13:30:49 [error] [php] date(): It is not safe to rely on the system's timezone settings. You are *required* to use the date.timezone setting or the date_default_timezone_set() function. In case you used any of those methods and you are still getting this warning, you most likely misspelled the timezone identifier. We selected the timezone 'UTC' for now, but please set date.timezone to select your timezone. (C:\phpStudy\WWW\yii\yiis\protected\views\layouts\main.php:51)
Stack trace:
#0 C:\phpStudy\WWW\yii\framework\web\CBaseController.php(95): SiteController->renderInternal()
#1 C:\phpStudy\WWW\yii\framework\web\widgets\CContentDecorator.php(76): SiteController->renderFile()
#2 C:\phpStudy\WWW\yii\framework\web\widgets\CContentDecorator.php(54): CContentDecorator->decorate()
#3 C:\phpStudy\WWW\yii\framework\web\widgets\COutputProcessor.php(44): CContentDecorator->processOutput()
#4 C:\phpStudy\WWW\yii\framework\web\CBaseController.php(214): CContentDecorator->run()
#5 C:\phpStudy\WWW\yii\framework\web\CBaseController.php(308): SiteController->endWidget()
#6 C:\phpStudy\WWW\yii\yiis\protected\views\layouts\column1.php(6): SiteController->endContent()
#7 C:\phpStudy\WWW\yii\framework\web\CBaseController.php(126): require()
#8 C:\phpStudy\WWW\yii\framework\web\CBaseController.php(95): SiteController->renderInternal()
#9 C:\phpStudy\WWW\yii\framework\web\CController.php(784): SiteController->renderFile()
#10 C:\phpStudy\WWW\yii\yiis\protected\controllers\SiteController.php(32): SiteController->render()
#11 C:\phpStudy\WWW\yii\framework\web\actions\CInlineAction.php(49): SiteController->actionIndex()
#12 C:\phpStudy\WWW\yii\framework\web\CController.php(308): CInlineAction->runWithParams()
#13 C:\phpStudy\WWW\yii\framework\web\CController.php(286): SiteController->runAction()
#14 C:\phpStudy\WWW\yii\framework\web\CController.php(265): SiteController->runActionWithFilters()
#15 C:\phpStudy\WWW\yii\framework\web\CWebApplication.php(282): SiteController->run()
#16 C:\phpStudy\WWW\yii\framework\web\CWebApplication.php(141): CWebApplication->runController()
#17 C:\phpStudy\WWW\yii\framework\base\CApplication.php(185): CWebApplication->processRequest()
#18 C:\phpStudy\WWW\yii\yiis\index.php(13): CWebApplication->run()
REQUEST_URI=/yii/yiis/
in C:\phpStudy\WWW\yii\yiis\protected\views\layouts\main.php (51)
in C:\phpStudy\WWW\yii\yiis\protected\views\layouts\column1.php (6)
in C:\phpStudy\WWW\yii\yiis\protected\controllers\SiteController.php (32)
2017/03/02 13:30:49 [error] [php] date(): It is not safe to rely on the system's timezone settings. You are *required* to use the date.timezone setting or the date_default_timezone_set() function. In case you used any of those methods and you are still getting this warning, you most likely misspelled the timezone identifier. We selected the timezone 'UTC' for now, but please set date.timezone to select your timezone. (C:\phpStudy\WWW\yii\yiis\protected\views\layouts\main.php:51)
Stack trace:
#0 C:\phpStudy\WWW\yii\framework\web\CBaseController.php(95): SiteController->renderInternal()
#1 C:\phpStudy\WWW\yii\framework\web\widgets\CContentDecorator.php(76): SiteController->renderFile()
#2 C:\phpStudy\WWW\yii\framework\web\widgets\CContentDecorator.php(54): CContentDecorator->decorate()
#3 C:\phpStudy\WWW\yii\framework\web\widgets\COutputProcessor.php(44): CContentDecorator->processOutput()
#4 C:\phpStudy\WWW\yii\framework\web\CBaseController.php(214): CContentDecorator->run()
#5 C:\phpStudy\WWW\yii\framework\web\CBaseController.php(308): SiteController->endWidget()
#6 C:\phpStudy\WWW\yii\yiis\protected\views\layouts\column1.php(6): SiteController->endContent()
#7 C:\phpStudy\WWW\yii\framework\web\CBaseController.php(126): require()
#8 C:\phpStudy\WWW\yii\framework\web\CBaseController.php(95): SiteController->renderInternal()
#9 C:\phpStudy\WWW\yii\framework\web\CController.php(784): SiteController->renderFile()
#10 C:\phpStudy\WWW\yii\yiis\protected\controllers\SiteController.php(32): SiteController->render()
#11 C:\phpStudy\WWW\yii\framework\web\actions\CInlineAction.php(49): SiteController->actionIndex()
#12 C:\phpStudy\WWW\yii\framework\web\CController.php(308): CInlineAction->runWithParams()
#13 C:\phpStudy\WWW\yii\framework\web\CController.php(286): SiteController->runAction()
#14 C:\phpStudy\WWW\yii\framework\web\CController.php(265): SiteController->runActionWithFilters()
#15 C:\phpStudy\WWW\yii\framework\web\CWebApplication.php(282): SiteController->run()
#16 C:\phpStudy\WWW\yii\framework\web\CWebApplication.php(141): CWebApplication->runController()
#17 C:\phpStudy\WWW\yii\framework\base\CApplication.php(185): CWebApplication->processRequest()
#18 C:\phpStudy\WWW\yii\yiis\index.php(13): CWebApplication->run()
REQUEST_URI=/yii/yiis/
in C:\phpStudy\WWW\yii\yiis\protected\views\layouts\main.php (51)
in C:\phpStudy\WWW\yii\yiis\protected\views\layouts\column1.php (6)
in C:\phpStudy\WWW\yii\yiis\protected\controllers\SiteController.php (32)
2017/03/02 13:30:50 [error] [php] date(): It is not safe to rely on the system's timezone settings. You are *required* to use the date.timezone setting or the date_default_timezone_set() function. In case you used any of those methods and you are still getting this warning, you most likely misspelled the timezone identifier. We selected the timezone 'UTC' for now, but please set date.timezone to select your timezone. (C:\phpStudy\WWW\yii\yiis\protected\views\layouts\main.php:51)
Stack trace:
#0 C:\phpStudy\WWW\yii\framework\web\CBaseController.php(95): SiteController->renderInternal()
#1 C:\phpStudy\WWW\yii\framework\web\widgets\CContentDecorator.php(76): SiteController->renderFile()
#2 C:\phpStudy\WWW\yii\framework\web\widgets\CContentDecorator.php(54): CContentDecorator->decorate()
#3 C:\phpStudy\WWW\yii\framework\web\widgets\COutputProcessor.php(44): CContentDecorator->processOutput()
#4 C:\phpStudy\WWW\yii\framework\web\CBaseController.php(214): CContentDecorator->run()
#5 C:\phpStudy\WWW\yii\framework\web\CBaseController.php(308): SiteController->endWidget()
#6 C:\phpStudy\WWW\yii\yiis\protected\views\layouts\column1.php(6): SiteController->endContent()
#7 C:\phpStudy\WWW\yii\framework\web\CBaseController.php(126): require()
#8 C:\phpStudy\WWW\yii\framework\web\CBaseController.php(95): SiteController->renderInternal()
#9 C:\phpStudy\WWW\yii\framework\web\CController.php(784): SiteController->renderFile()
#10 C:\phpStudy\WWW\yii\yiis\protected\controllers\SiteController.php(32): SiteController->render()
#11 C:\phpStudy\WWW\yii\framework\web\actions\CInlineAction.php(49): SiteController->actionIndex()
#12 C:\phpStudy\WWW\yii\framework\web\CController.php(308): CInlineAction->runWithParams()
#13 C:\phpStudy\WWW\yii\framework\web\CController.php(286): SiteController->runAction()
#14 C:\phpStudy\WWW\yii\framework\web\CController.php(265): SiteController->runActionWithFilters()
#15 C:\phpStudy\WWW\yii\framework\web\CWebApplication.php(282): SiteController->run()
#16 C:\phpStudy\WWW\yii\framework\web\CWebApplication.php(141): CWebApplication->runController()
#17 C:\phpStudy\WWW\yii\framework\base\CApplication.php(185): CWebApplication->processRequest()
#18 C:\phpStudy\WWW\yii\yiis\index.php(13): CWebApplication->run()
REQUEST_URI=/yii/yiis/
in C:\phpStudy\WWW\yii\yiis\protected\views\layouts\main.php (51)
in C:\phpStudy\WWW\yii\yiis\protected\views\layouts\column1.php (6)
in C:\phpStudy\WWW\yii\yiis\protected\controllers\SiteController.php (32)
2017/03/02 22:36:00 [error] [php] Missing argument 1 for CController::render(), called in C:\phpStudy\WWW\yii\yiis\protected\controllers\IndexController.php on line 6 and defined (C:\phpStudy\WWW\yii\framework\web\CController.php:778)
Stack trace:
#0 C:\phpStudy\WWW\yii\framework\web\CController.php(308): CInlineAction->runWithParams()
#1 C:\phpStudy\WWW\yii\framework\web\CController.php(286): IndexController->runAction()
#2 C:\phpStudy\WWW\yii\framework\web\CController.php(265): IndexController->runActionWithFilters()
#3 C:\phpStudy\WWW\yii\framework\web\CWebApplication.php(282): IndexController->run()
#4 C:\phpStudy\WWW\yii\framework\web\CWebApplication.php(141): CWebApplication->runController()
#5 C:\phpStudy\WWW\yii\framework\base\CApplication.php(185): CWebApplication->processRequest()
#6 C:\phpStudy\WWW\yii\yiis\index.php(13): CWebApplication->run()
REQUEST_URI=/yii/yiis/
in C:\phpStudy\WWW\yii\yiis\protected\controllers\IndexController.php (6)
in C:\phpStudy\WWW\yii\yiis\index.php (13)
2017/03/02 22:36:00 [error] [php] Missing argument 1 for CController::render(), called in C:\phpStudy\WWW\yii\yiis\protected\controllers\IndexController.php on line 6 and defined (C:\phpStudy\WWW\yii\framework\web\CController.php:778)
Stack trace:
#0 C:\phpStudy\WWW\yii\framework\web\CController.php(308): CInlineAction->runWithParams()
#1 C:\phpStudy\WWW\yii\framework\web\CController.php(286): IndexController->runAction()
#2 C:\phpStudy\WWW\yii\framework\web\CController.php(265): IndexController->runActionWithFilters()
#3 C:\phpStudy\WWW\yii\framework\web\CWebApplication.php(282): IndexController->run()
#4 C:\phpStudy\WWW\yii\framework\web\CWebApplication.php(141): CWebApplication->runController()
#5 C:\phpStudy\WWW\yii\framework\base\CApplication.php(185): CWebApplication->processRequest()
#6 C:\phpStudy\WWW\yii\yiis\index.php(13): CWebApplication->run()
REQUEST_URI=/yii/yiis/
in C:\phpStudy\WWW\yii\yiis\protected\controllers\IndexController.php (6)
in C:\phpStudy\WWW\yii\yiis\index.php (13)
2017/03/02 22:36:18 [error] [exception.CException] exception 'CException' with message 'IndexController cannot find the requested view "index".' in C:\phpStudy\WWW\yii\framework\web\CController.php:878
Stack trace:
#0 C:\phpStudy\WWW\yii\framework\web\CController.php(782): CController->renderPartial('index', NULL, true)
#1 C:\phpStudy\WWW\yii\yiis\protected\controllers\IndexController.php(6): CController->render('index')
#2 C:\phpStudy\WWW\yii\framework\web\actions\CInlineAction.php(49): IndexController->actionIndex()
#3 C:\phpStudy\WWW\yii\framework\web\CController.php(308): CInlineAction->runWithParams(Array)
#4 C:\phpStudy\WWW\yii\framework\web\CController.php(286): CController->runAction(Object(CInlineAction))
#5 C:\phpStudy\WWW\yii\framework\web\CController.php(265): CController->runActionWithFilters(Object(CInlineAction), Array)
#6 C:\phpStudy\WWW\yii\framework\web\CWebApplication.php(282): CController->run('')
#7 C:\phpStudy\WWW\yii\framework\web\CWebApplication.php(141): CWebApplication->runController('')
#8 C:\phpStudy\WWW\yii\framework\base\CApplication.php(185): CWebApplication->processRequest()
#9 C:\phpStudy\WWW\yii\yiis\index.php(13): CApplication->run()
#10 {main}
REQUEST_URI=/yii/yiis/
---
2017/03/02 22:36:19 [error] [exception.CException] exception 'CException' with message 'IndexController cannot find the requested view "index".' in C:\phpStudy\WWW\yii\framework\web\CController.php:878
Stack trace:
#0 C:\phpStudy\WWW\yii\framework\web\CController.php(782): CController->renderPartial('index', NULL, true)
#1 C:\phpStudy\WWW\yii\yiis\protected\controllers\IndexController.php(6): CController->render('index')
#2 C:\phpStudy\WWW\yii\framework\web\actions\CInlineAction.php(49): IndexController->actionIndex()
#3 C:\phpStudy\WWW\yii\framework\web\CController.php(308): CInlineAction->runWithParams(Array)
#4 C:\phpStudy\WWW\yii\framework\web\CController.php(286): CController->runAction(Object(CInlineAction))
#5 C:\phpStudy\WWW\yii\framework\web\CController.php(265): CController->runActionWithFilters(Object(CInlineAction), Array)
#6 C:\phpStudy\WWW\yii\framework\web\CWebApplication.php(282): CController->run('')
#7 C:\phpStudy\WWW\yii\framework\web\CWebApplication.php(141): CWebApplication->runController('')
#8 C:\phpStudy\WWW\yii\framework\base\CApplication.php(185): CWebApplication->processRequest()
#9 C:\phpStudy\WWW\yii\yiis\index.php(13): CApplication->run()
#10 {main}
REQUEST_URI=/yii/yiis/
---
2017/03/02 22:36:19 [error] [exception.CException] exception 'CException' with message 'IndexController cannot find the requested view "index".' in C:\phpStudy\WWW\yii\framework\web\CController.php:878
Stack trace:
#0 C:\phpStudy\WWW\yii\framework\web\CController.php(782): CController->renderPartial('index', NULL, true)
#1 C:\phpStudy\WWW\yii\yiis\protected\controllers\IndexController.php(6): CController->render('index')
#2 C:\phpStudy\WWW\yii\framework\web\actions\CInlineAction.php(49): IndexController->actionIndex()
#3 C:\phpStudy\WWW\yii\framework\web\CController.php(308): CInlineAction->runWithParams(Array)
#4 C:\phpStudy\WWW\yii\framework\web\CController.php(286): CController->runAction(Object(CInlineAction))
#5 C:\phpStudy\WWW\yii\framework\web\CController.php(265): CController->runActionWithFilters(Object(CInlineAction), Array)
#6 C:\phpStudy\WWW\yii\framework\web\CWebApplication.php(282): CController->run('')
#7 C:\phpStudy\WWW\yii\framework\web\CWebApplication.php(141): CWebApplication->runController('')
#8 C:\phpStudy\WWW\yii\framework\base\CApplication.php(185): CWebApplication->processRequest()
#9 C:\phpStudy\WWW\yii\yiis\index.php(13): CApplication->run()
#10 {main}
REQUEST_URI=/yii/yiis/
---
2017/03/02 22:42:42 [error] [exception.CException] exception 'CException' with message 'IndexController and its behaviors do not have a method or closure named "rederPartial".' in C:\phpStudy\WWW\yii\framework\base\CComponent.php:266
Stack trace:
#0 C:\phpStudy\WWW\yii\yiis\protected\controllers\IndexController.php(12): CComponent->__call('rederPartial', Array)
#1 C:\phpStudy\WWW\yii\yiis\protected\controllers\IndexController.php(12): IndexController->rederPartial('add')
#2 C:\phpStudy\WWW\yii\framework\web\actions\CInlineAction.php(49): IndexController->actionAdd()
#3 C:\phpStudy\WWW\yii\framework\web\CController.php(308): CInlineAction->runWithParams(Array)
#4 C:\phpStudy\WWW\yii\framework\web\CController.php(286): CController->runAction(Object(CInlineAction))
#5 C:\phpStudy\WWW\yii\framework\web\CController.php(265): CController->runActionWithFilters(Object(CInlineAction), Array)
#6 C:\phpStudy\WWW\yii\framework\web\CWebApplication.php(282): CController->run('add')
#7 C:\phpStudy\WWW\yii\framework\web\CWebApplication.php(141): CWebApplication->runController('index/add')
#8 C:\phpStudy\WWW\yii\framework\base\CApplication.php(185): CWebApplication->processRequest()
#9 C:\phpStudy\WWW\yii\yiis\index.php(13): CApplication->run()
#10 {main}
REQUEST_URI=/yii/yiis/index.php?r=index/add
---
2017/03/03 13:27:58 [error] [exception.CHttpException.404] exception 'CHttpException' with message 'Unable to resolve the request "admin".' in C:\phpStudy\WWW\yii\framework\web\CWebApplication.php:286
Stack trace:
#0 C:\phpStudy\WWW\yii\framework\web\CWebApplication.php(141): CWebApplication->runController('admin')
#1 C:\phpStudy\WWW\yii\framework\base\CApplication.php(185): CWebApplication->processRequest()
#2 C:\phpStudy\WWW\yii\yiis\index.php(13): CApplication->run()
#3 {main}
REQUEST_URI=/yii/yiis/index.php?r=admin
---
2017/03/03 13:28:00 [error] [exception.CHttpException.404] exception 'CHttpException' with message 'Unable to resolve the request "admin".' in C:\phpStudy\WWW\yii\framework\web\CWebApplication.php:286
Stack trace:
#0 C:\phpStudy\WWW\yii\framework\web\CWebApplication.php(141): CWebApplication->runController('admin')
#1 C:\phpStudy\WWW\yii\framework\base\CApplication.php(185): CWebApplication->processRequest()
#2 C:\phpStudy\WWW\yii\yiis\index.php(13): CApplication->run()
#3 {main}
REQUEST_URI=/yii/yiis/index.php?r=admin
---
